-------------------------------------------------------------------------------
Test set: com.ditrix.edt.mcp.server.tools.impl.ReadModuleSourceToolTest
-------------------------------------------------------------------------------
Tests run: 27, Failures: 0, Errors: 0, Skipped: 0, Time elapsed: 0.001 s -- in com.ditrix.edt.mcp.server.tools.impl.ReadModuleSourceToolTest
com.ditrix.edt.mcp.server.tools.impl.ReadModuleSourceToolTest.testExecuteMissingProjectName -- Time elapsed: 0 s
com.ditrix.edt.mcp.server.tools.impl.ReadModuleSourceToolTest.testFormatOutputTruncated -- Time elapsed: 0.001 s
com.ditrix.edt.mcp.server.tools.impl.ReadModuleSourceToolTest.testDescriptionNotEmpty -- Time elapsed: 0 s
com.ditrix.edt.mcp.server.tools.impl.ReadModuleSourceToolTest.testFormatOutputOmitsContentHashWhenNull -- Time elapsed: 0 s
com.ditrix.edt.mcp.server.tools.impl.ReadModuleSourceToolTest.testResponseType -- Time elapsed: 0 s
com.ditrix.edt.mcp.server.tools.impl.ReadModuleSourceToolTest.testExecuteMissingModulePath -- Time elapsed: 0 s
com.ditrix.edt.mcp.server.tools.impl.ReadModuleSourceToolTest.testName -- Time elapsed: 0 s
com.ditrix.edt.mcp.server.tools.impl.ReadModuleSourceToolTest.testFormatOutputSingleLineRange -- Time elapsed: 0 s
com.ditrix.edt.mcp.server.tools.impl.ReadModuleSourceToolTest.testFormatOutputEmptyFile -- Time elapsed: 0 s
com.ditrix.edt.mcp.server.tools.impl.ReadModuleSourceToolTest.testProjectNameCheckedBeforeModulePath -- Time elapsed: 0 s
com.ditrix.edt.mcp.server.tools.impl.ReadModuleSourceToolTest.testInputSchemaContainsRequiredParameters -- Time elapsed: 0 s
com.ditrix.edt.mcp.server.tools.impl.ReadModuleSourceToolTest.testResultFileNameNormalizesBackslashes -- Time elapsed: 0 s
com.ditrix.edt.mcp.server.tools.impl.ReadModuleSourceToolTest.testDescriptionDoesNotMentionLineNumberPrefix -- Time elapsed: 0 s
com.ditrix.edt.mcp.server.tools.impl.ReadModuleSourceToolTest.testExecuteBlankModulePath -- Time elapsed: 0 s
com.ditrix.edt.mcp.server.tools.impl.ReadModuleSourceToolTest.testResultFileNameWithNullParamsIsSafe -- Time elapsed: 0 s
com.ditrix.edt.mcp.server.tools.impl.ReadModuleSourceToolTest.testValidationErrorIsStructuredFailureJson -- Time elapsed: 0 s
com.ditrix.edt.mcp.server.tools.impl.ReadModuleSourceToolTest.testFormatOutputNormal -- Time elapsed: 0 s
com.ditrix.edt.mcp.server.tools.impl.ReadModuleSourceToolTest.testResultFileNameWithoutModulePath -- Time elapsed: 0 s
com.ditrix.edt.mcp.server.tools.impl.ReadModuleSourceToolTest.testResultFileNameWithBlankModulePath -- Time elapsed: 0 s
com.ditrix.edt.mcp.server.tools.impl.ReadModuleSourceToolTest.testExecuteBlankProjectName -- Time elapsed: 0 s
com.ditrix.edt.mcp.server.tools.impl.ReadModuleSourceToolTest.testFormatOutputEmitsOnlyRequestedRange -- Time elapsed: 0 s
com.ditrix.edt.mcp.server.tools.impl.ReadModuleSourceToolTest.testGuideHoldsMigratedDetail -- Time elapsed: 0 s
com.ditrix.edt.mcp.server.tools.impl.ReadModuleSourceToolTest.testOutputSchemaIsNullForMarkdownTool -- Time elapsed: 0 s
com.ditrix.edt.mcp.server.tools.impl.ReadModuleSourceToolTest.testMissingModulePathErrorCarriesExampleDetail -- Time elapsed: 0 s
com.ditrix.edt.mcp.server.tools.impl.ReadModuleSourceToolTest.testMissingProjectNameErrorCarriesDiscoveryHint -- Time elapsed: 0 s
com.ditrix.edt.mcp.server.tools.impl.ReadModuleSourceToolTest.testInputSchemaTypesLineRangeAsOptionalIntegers -- Time elapsed: 0 s
com.ditrix.edt.mcp.server.tools.impl.ReadModuleSourceToolTest.testResultFileNameWithModulePath -- Time elapsed: 0 s
