-------------------------------------------------------------------------------
Test set: com.ditrix.edt.mcp.server.utils.McoreValueListBuilderTest
-------------------------------------------------------------------------------
Tests run: 4, Failures: 0, Errors: 0, Skipped: 0, Time elapsed: 0.001 s -- in com.ditrix.edt.mcp.server.utils.McoreValueListBuilderTest
com.ditrix.edt.mcp.server.utils.McoreValueListBuilderTest.testUnresolvableNonUriEntryNamesBothAcceptedForms -- Time elapsed: 0 s
com.ditrix.edt.mcp.server.utils.McoreValueListBuilderTest.testRussianXdtoPackageTypeTokenUsesSharedResolver -- Time elapsed: 0 s
com.ditrix.edt.mcp.server.utils.McoreValueListBuilderTest.testReferenceAndNamespaceResolveInCallerOrder -- Time elapsed: 0.001 s
com.ditrix.edt.mcp.server.utils.McoreValueListBuilderTest.testNamespaceRequiresOneOfTheDocumentedSchemes -- Time elapsed: 0 s
