-------------------------------------------------------------------------------
Test set: com.ditrix.edt.mcp.server.tools.ProjectContextAdoptionRatchetTest
-------------------------------------------------------------------------------
Tests run: 2, Failures: 0, Errors: 0, Skipped: 0, Time elapsed: 0.031 s -- in com.ditrix.edt.mcp.server.tools.ProjectContextAdoptionRatchetTest
com.ditrix.edt.mcp.server.tools.ProjectContextAdoptionRatchetTest.allowListHasNoStaleOrAlreadyMigratedEntries -- Time elapsed: 0.011 s
com.ditrix.edt.mcp.server.tools.ProjectContextAdoptionRatchetTest.noNewResourcesPluginCopiesInToolsImpl -- Time elapsed: 0.020 s
