-------------------------------------------------------------------------------
Test set: com.ditrix.edt.mcp.server.utils.BslModuleUtilsTest
-------------------------------------------------------------------------------
Tests run: 69, Failures: 0, Errors: 0, Skipped: 0, Time elapsed: 0.024 s -- in com.ditrix.edt.mcp.server.utils.BslModuleUtilsTest
com.ditrix.edt.mcp.server.utils.BslModuleUtilsTest.testFindRegionTargetOnRegionStartLine -- Time elapsed: 0.002 s
com.ditrix.edt.mcp.server.utils.BslModuleUtilsTest.testStartLineCommentImmediatelyAboveIsIncluded -- Time elapsed: 0 s
com.ditrix.edt.mcp.server.utils.BslModuleUtilsTest.testExtractTextNullSourceIsNull -- Time elapsed: 0 s
com.ditrix.edt.mcp.server.utils.BslModuleUtilsTest.testFindMethodViaTextMatchesSecondMethodNotFirst -- Time elapsed: 0 s
com.ditrix.edt.mcp.server.utils.BslModuleUtilsTest.testExtractModulePathNullReturnsUnknown -- Time elapsed: 0 s
com.ditrix.edt.mcp.server.utils.BslModuleUtilsTest.testLooksLikeAbsolutePathRelativeIsFalse -- Time elapsed: 0 s
com.ditrix.edt.mcp.server.utils.BslModuleUtilsTest.testBuildTextMethodNotFoundResponseEmptyListReportsZero -- Time elapsed: 0 s
com.ditrix.edt.mcp.server.utils.BslModuleUtilsTest.testExtractTextBlankSeparatedCommentIsNull -- Time elapsed: 0 s
com.ditrix.edt.mcp.server.utils.BslModuleUtilsTest.testExtractTextTrailingSlashesAreKeptAfterFirstTwo -- Time elapsed: 0 s
com.ditrix.edt.mcp.server.utils.BslModuleUtilsTest.testResolveModuleFileEmptyModulePathIsNull -- Time elapsed: 0 s
com.ditrix.edt.mcp.server.utils.BslModuleUtilsTest.testFuncKeywordPatternAcceptsAsyncPrefix -- Time elapsed: 0 s
com.ditrix.edt.mcp.server.utils.BslModuleUtilsTest.testStartLineDeclarationLineZeroReturnedAsIs -- Time elapsed: 0 s
com.ditrix.edt.mcp.server.utils.BslModuleUtilsTest.testResolveModuleFileFallsBackToOtherTopLevelFolder -- Time elapsed: 0.018 s
com.ditrix.edt.mcp.server.utils.BslModuleUtilsTest.testStartLineDeclarationAtLineOneReturnsDeclarationLine -- Time elapsed: 0 s
com.ditrix.edt.mcp.server.utils.BslModuleUtilsTest.testFindMethodViaTextRussianKeywordsAndExportFunction -- Time elapsed: 0 s
com.ditrix.edt.mcp.server.utils.BslModuleUtilsTest.testFindRegionNullLinesIsNull -- Time elapsed: 0.001 s
com.ditrix.edt.mcp.server.utils.BslModuleUtilsTest.testFindMethodViaTextCaseInsensitive -- Time elapsed: 0 s
com.ditrix.edt.mcp.server.utils.BslModuleUtilsTest.testFindMethodViaTextAsyncProcedureEnglish -- Time elapsed: 0 s
com.ditrix.edt.mcp.server.utils.BslModuleUtilsTest.testStartLineIndentedCommentIsTrimmedThenMatched -- Time elapsed: 0 s
com.ditrix.edt.mcp.server.utils.BslModuleUtilsTest.testFindRegionTargetBeyondAllLinesIsNull -- Time elapsed: 0 s
com.ditrix.edt.mcp.server.utils.BslModuleUtilsTest.testFindRegionTargetLineBelowOneIsNull -- Time elapsed: 0 s
com.ditrix.edt.mcp.server.utils.BslModuleUtilsTest.testExtractTextMultiLineJoinsWithSingleSpace -- Time elapsed: 0 s
com.ditrix.edt.mcp.server.utils.BslModuleUtilsTest.testResolveModuleFileReturnsSrcHandleWhenNotFoundAnywhere -- Time elapsed: 0 s
com.ditrix.edt.mcp.server.utils.BslModuleUtilsTest.testFindRegionCodeLineInsideSingleRegion -- Time elapsed: 0 s
com.ditrix.edt.mcp.server.utils.BslModuleUtilsTest.testStartLineNoCommentReturnsDeclarationLine -- Time elapsed: 0 s
com.ditrix.edt.mcp.server.utils.BslModuleUtilsTest.testFindRegionReturnsInnermostWhenNested -- Time elapsed: 0 s
com.ditrix.edt.mcp.server.utils.BslModuleUtilsTest.testFindRegionStrayEndRegionWithEmptyStackBeforeTarget -- Time elapsed: 0 s
com.ditrix.edt.mcp.server.utils.BslModuleUtilsTest.testStartLineBlankInMiddleOfBlockKeepsOnlyContiguousPart -- Time elapsed: 0 s
com.ditrix.edt.mcp.server.utils.BslModuleUtilsTest.testExtractModulePathReturnsAsIsWhenNoSrcMarker -- Time elapsed: 0 s
com.ditrix.edt.mcp.server.utils.BslModuleUtilsTest.testFindMethodViaTextUnterminatedClampsToLastLine -- Time elapsed: 0 s
com.ditrix.edt.mcp.server.utils.BslModuleUtilsTest.testFindMethodViaTextProcedureNoDocComment -- Time elapsed: 0 s
com.ditrix.edt.mcp.server.utils.BslModuleUtilsTest.testStartLineNegativeDeclarationLineReturnedAsIs -- Time elapsed: 0 s
com.ditrix.edt.mcp.server.utils.BslModuleUtilsTest.testResolveModuleFileNullModulePathIsNull -- Time elapsed: 0 s
com.ditrix.edt.mcp.server.utils.BslModuleUtilsTest.testStartLineMultipleContiguousCommentLines -- Time elapsed: 0 s
com.ditrix.edt.mcp.server.utils.BslModuleUtilsTest.testExtractTextSingleCommentStripsSlashesAndSpace -- Time elapsed: 0 s
com.ditrix.edt.mcp.server.utils.BslModuleUtilsTest.testResolveModuleFileAbsolutePathWithNullProjectIsNull -- Time elapsed: 0.002 s
com.ditrix.edt.mcp.server.utils.BslModuleUtilsTest.testExtractTextDeclarationAtLineOneIsNull -- Time elapsed: 0 s
com.ditrix.edt.mcp.server.utils.BslModuleUtilsTest.testExtractModulePathUsesFirstSrcMarker -- Time elapsed: 0 s
com.ditrix.edt.mcp.server.utils.BslModuleUtilsTest.testLooksLikeAbsolutePathEmptyIsFalse -- Time elapsed: 0 s
com.ditrix.edt.mcp.server.utils.BslModuleUtilsTest.testFindMethodViaTextLocatesFunctionWithDocComment -- Time elapsed: 0 s
com.ditrix.edt.mcp.server.utils.BslModuleUtilsTest.testLooksLikeAbsolutePathNullIsFalse -- Time elapsed: 0 s
com.ditrix.edt.mcp.server.utils.BslModuleUtilsTest.testStartLineNonCommentLineImmediatelyAboveExcluded -- Time elapsed: 0 s
com.ditrix.edt.mcp.server.utils.BslModuleUtilsTest.testLooksLikeAbsolutePathLeadingBackslashIsTrue -- Time elapsed: 0 s
com.ditrix.edt.mcp.server.utils.BslModuleUtilsTest.testLooksLikeAbsolutePathWindowsDriveIsTrue -- Time elapsed: 0 s
com.ditrix.edt.mcp.server.utils.BslModuleUtilsTest.testFindRegionLineOutsideAnyRegionIsNull -- Time elapsed: 0 s
com.ditrix.edt.mcp.server.utils.BslModuleUtilsTest.testFindRegionRussianDirectivesAndIndentation -- Time elapsed: 0 s
com.ditrix.edt.mcp.server.utils.BslModuleUtilsTest.testFindRegionEmptyLinesIsNull -- Time elapsed: 0 s
com.ditrix.edt.mcp.server.utils.BslModuleUtilsTest.testExtractTextEmptyCommentLineYieldsEmptyToken -- Time elapsed: 0.001 s
com.ditrix.edt.mcp.server.utils.BslModuleUtilsTest.testFindRegionTargetOnEndRegionLineReturnsClosingRegion -- Time elapsed: 0 s
com.ditrix.edt.mcp.server.utils.BslModuleUtilsTest.testBuildTextMethodNotFoundResponse -- Time elapsed: 0 s
com.ditrix.edt.mcp.server.utils.BslModuleUtilsTest.testLooksLikeAbsolutePathColonAsSecondCharIsTrue -- Time elapsed: 0 s
com.ditrix.edt.mcp.server.utils.BslModuleUtilsTest.testLooksLikeAbsolutePathBackslashIsTrue -- Time elapsed: 0 s
com.ditrix.edt.mcp.server.utils.BslModuleUtilsTest.testResolveModuleFileAbsolutePathNotInWorkspaceIsNull -- Time elapsed: 0 s
com.ditrix.edt.mcp.server.utils.BslModuleUtilsTest.testExtractTextCommentWithoutLeadingSpacePreserved -- Time elapsed: 0 s
com.ditrix.edt.mcp.server.utils.BslModuleUtilsTest.testResolveModuleFileNullProjectRelativePathIsNull -- Time elapsed: 0 s
com.ditrix.edt.mcp.server.utils.BslModuleUtilsTest.testFindMethodViaTextNotFoundCollectsNames -- Time elapsed: 0 s
com.ditrix.edt.mcp.server.utils.BslModuleUtilsTest.testFindMethodViaTextMultiContiguousDocCommentIncluded -- Time elapsed: 0 s
com.ditrix.edt.mcp.server.utils.BslModuleUtilsTest.testFindMethodViaTextAsyncFunctionRussian -- Time elapsed: 0 s
com.ditrix.edt.mcp.server.utils.BslModuleUtilsTest.testExtractTextBlankInMiddleKeepsOnlyContiguousPart -- Time elapsed: 0 s
com.ditrix.edt.mcp.server.utils.BslModuleUtilsTest.testFindRegionAfterInnerClosedReturnsOuter -- Time elapsed: 0 s
com.ditrix.edt.mcp.server.utils.BslModuleUtilsTest.testExtractModulePathStripsSrcPrefix -- Time elapsed: 0 s
com.ditrix.edt.mcp.server.utils.BslModuleUtilsTest.testExtractTextNoCommentIsNull -- Time elapsed: 0 s
com.ditrix.edt.mcp.server.utils.BslModuleUtilsTest.testStartLineBlankLineSeparatesCommentIsExcluded -- Time elapsed: 0 s
com.ditrix.edt.mcp.server.utils.BslModuleUtilsTest.testStartLineNullSourceReturnsDeclarationLine -- Time elapsed: 0 s
com.ditrix.edt.mcp.server.utils.BslModuleUtilsTest.testLooksLikeAbsolutePathTwoCharNonColonIsFalse -- Time elapsed: 0 s
com.ditrix.edt.mcp.server.utils.BslModuleUtilsTest.testResolveModuleFileUsesSrcWhenPresent -- Time elapsed: 0 s
com.ditrix.edt.mcp.server.utils.BslModuleUtilsTest.testFindMethodViaTextEmptyInputNotFoundEmptyNames -- Time elapsed: 0 s
com.ditrix.edt.mcp.server.utils.BslModuleUtilsTest.testLooksLikeAbsolutePathSingleCharIsFalse -- Time elapsed: 0 s
com.ditrix.edt.mcp.server.utils.BslModuleUtilsTest.testLooksLikeAbsolutePathForwardSlashIsTrue -- Time elapsed: 0 s
