-------------------------------------------------------------------------------
Test set: com.ditrix.edt.mcp.server.tools.impl.FindReferencesToolTest
-------------------------------------------------------------------------------
Tests run: 10, Failures: 0, Errors: 0, Skipped: 0, Time elapsed: 0 s -- in com.ditrix.edt.mcp.server.tools.impl.FindReferencesToolTest
com.ditrix.edt.mcp.server.tools.impl.FindReferencesToolTest.testDescriptionNotEmpty -- Time elapsed: 0 s
com.ditrix.edt.mcp.server.tools.impl.FindReferencesToolTest.testResponseType -- Time elapsed: 0 s
com.ditrix.edt.mcp.server.tools.impl.FindReferencesToolTest.testName -- Time elapsed: 0 s
com.ditrix.edt.mcp.server.tools.impl.FindReferencesToolTest.testGuideNotEmptyAndCarriesMigratedDetail -- Time elapsed: 0 s
com.ditrix.edt.mcp.server.tools.impl.FindReferencesToolTest.testMissingObjectFqn -- Time elapsed: 0 s
com.ditrix.edt.mcp.server.tools.impl.FindReferencesToolTest.testRussianFqnPassesValidation -- Time elapsed: 0 s
com.ditrix.edt.mcp.server.tools.impl.FindReferencesToolTest.testLimitSchemaDescribesOverallCap -- Time elapsed: 0 s
com.ditrix.edt.mcp.server.tools.impl.FindReferencesToolTest.testInputSchemaContainsParameters -- Time elapsed: 0 s
com.ditrix.edt.mcp.server.tools.impl.FindReferencesToolTest.testNameConstant -- Time elapsed: 0 s
com.ditrix.edt.mcp.server.tools.impl.FindReferencesToolTest.testMissingProjectName -- Time elapsed: 0 s
