-------------------------------------------------------------------------------
Test set: com.ditrix.edt.mcp.server.transport.McpSessionRegistryTest
-------------------------------------------------------------------------------
Tests run: 7, Failures: 0, Errors: 0, Skipped: 0, Time elapsed: 0.001 s -- in com.ditrix.edt.mcp.server.transport.McpSessionRegistryTest
com.ditrix.edt.mcp.server.transport.McpSessionRegistryTest.createAndLookupSamePath -- Time elapsed: 0.001 s
com.ditrix.edt.mcp.server.transport.McpSessionRegistryTest.expiredSessionIsUnknown -- Time elapsed: 0 s
com.ditrix.edt.mcp.server.transport.McpSessionRegistryTest.missingRequiredSessionAndUnknownId -- Time elapsed: 0 s
com.ditrix.edt.mcp.server.transport.McpSessionRegistryTest.closeAndExpiryNotifyListener -- Time elapsed: 0 s
com.ditrix.edt.mcp.server.transport.McpSessionRegistryTest.capRefusesNewSessions -- Time elapsed: 0 s
com.ditrix.edt.mcp.server.transport.McpSessionRegistryTest.deleteAndShutdownReleaseSessions -- Time elapsed: 0 s
com.ditrix.edt.mcp.server.transport.McpSessionRegistryTest.replayOnAnotherPathIsNotFound -- Time elapsed: 0 s
