-------------------------------------------------------------------------------
Test set: com.ditrix.edt.mcp.server.tools.impl.DeleteMetadataToolTest
-------------------------------------------------------------------------------
Tests run: 85, Failures: 0, Errors: 0, Skipped: 0, Time elapsed: 0.591 s -- in com.ditrix.edt.mcp.server.tools.impl.DeleteMetadataToolTest
com.ditrix.edt.mcp.server.tools.impl.DeleteMetadataToolTest.testPutBlockingReferencesPreservesAllFields -- Time elapsed: 0 s
com.ditrix.edt.mcp.server.tools.impl.DeleteMetadataToolTest.testPredefinedItemFqnRecognizedByDeleteDispatch -- Time elapsed: 0.011 s
com.ditrix.edt.mcp.server.tools.impl.DeleteMetadataToolTest.testGuideDocumentsForceAndFormSurfaces -- Time elapsed: 0 s
com.ditrix.edt.mcp.server.tools.impl.DeleteMetadataToolTest.testThePromptBreakdownIsReadOffTheDescendantsItCounts -- Time elapsed: 0.004 s
com.ditrix.edt.mcp.server.tools.impl.DeleteMetadataToolTest.testContainerExportFqnClimbsANestedOwnerToItsTopObject -- Time elapsed: 0.278 s
com.ditrix.edt.mcp.server.tools.impl.DeleteMetadataToolTest.testIsOwnerSelfReferenceKeepsSameOwnerReferenceWithNonSourceFeature -- Time elapsed: 0.001 s
com.ditrix.edt.mcp.server.tools.impl.DeleteMetadataToolTest.testDescriptionSeparatesTheBranchesWithoutAReferenceCascade -- Time elapsed: 0 s
com.ditrix.edt.mcp.server.tools.impl.DeleteMetadataToolTest.testResponseType -- Time elapsed: 0 s
com.ditrix.edt.mcp.server.tools.impl.DeleteMetadataToolTest.testPredefinedDeleteWouldBlockFailClosedDecision -- Time elapsed: 0 s
com.ditrix.edt.mcp.server.tools.impl.DeleteMetadataToolTest.testMemberRegistrationCheckWalksTheOwnerMdoChildren -- Time elapsed: 0.003 s
com.ditrix.edt.mcp.server.tools.impl.DeleteMetadataToolTest.testFormResourceFolderPathNullForBlankType -- Time elapsed: 0.001 s
com.ditrix.edt.mcp.server.tools.impl.DeleteMetadataToolTest.testOutputSchemaDeclaresPreviewEnvelope -- Time elapsed: 0 s
com.ditrix.edt.mcp.server.tools.impl.DeleteMetadataToolTest.testXdtoMemberNotFoundErrorNamesObjectTypeAndPackage -- Time elapsed: 0 s
com.ditrix.edt.mcp.server.tools.impl.DeleteMetadataToolTest.testARefusedDeleteDeclaresNoWriteAtAll -- Time elapsed: 0.025 s
com.ditrix.edt.mcp.server.tools.impl.DeleteMetadataToolTest.testRegistrationCheckIgnoresForeignNamespaceElements -- Time elapsed: 0 s
com.ditrix.edt.mcp.server.tools.impl.DeleteMetadataToolTest.testOutputSchemaDocumentsBlockedAction -- Time elapsed: 0 s
com.ditrix.edt.mcp.server.tools.impl.DeleteMetadataToolTest.testConsentRejectNeverRunsTheWrite -- Time elapsed: 0 s
com.ditrix.edt.mcp.server.tools.impl.DeleteMetadataToolTest.testPutBlockingReferencesEmitsMultipleInOrder -- Time elapsed: 0 s
com.ditrix.edt.mcp.server.tools.impl.DeleteMetadataToolTest.testDescriptionMentionsForceOverride -- Time elapsed: 0 s
com.ditrix.edt.mcp.server.tools.impl.DeleteMetadataToolTest.testNonCleanProblemIsAPlatformProhibitionNotAReference -- Time elapsed: 0.245 s
com.ditrix.edt.mcp.server.tools.impl.DeleteMetadataToolTest.testFormObjectBranchRunsItsWriteOnlyWhenConsentIsGranted -- Time elapsed: 0.001 s
com.ditrix.edt.mcp.server.tools.impl.DeleteMetadataToolTest.testLocateXdtoMemberFindsObjectType -- Time elapsed: 0 s
com.ditrix.edt.mcp.server.tools.impl.DeleteMetadataToolTest.testFormMemberBranchRunsItsWriteOnlyWhenConsentIsGranted -- Time elapsed: 0 s
com.ditrix.edt.mcp.server.tools.impl.DeleteMetadataToolTest.testPutBlockingReferencesKeepsSuccessFlag -- Time elapsed: 0 s
com.ditrix.edt.mcp.server.tools.impl.DeleteMetadataToolTest.testFormResourceFolderPathFromResolvedNames -- Time elapsed: 0 s
com.ditrix.edt.mcp.server.tools.impl.DeleteMetadataToolTest.testFormResourceFolderPathResolvesOtherObjectFamilies -- Time elapsed: 0 s
com.ditrix.edt.mcp.server.tools.impl.DeleteMetadataToolTest.testThePreviewListsTheHandlerBindingsADeleteTakesToo -- Time elapsed: 0.001 s
com.ditrix.edt.mcp.server.tools.impl.DeleteMetadataToolTest.testForceIsOptionalAndDistinctFromConfirm -- Time elapsed: 0 s
com.ditrix.edt.mcp.server.tools.impl.DeleteMetadataToolTest.testIsOwnerSelfReferenceTerminatesOnASelfContainingContainerCycle -- Time elapsed: 0.003 s
com.ditrix.edt.mcp.server.tools.impl.DeleteMetadataToolTest.testXdtoMemberNotFoundErrorNamesNestedPropertyOwner -- Time elapsed: 0 s
com.ditrix.edt.mcp.server.tools.impl.DeleteMetadataToolTest.testPreviewQueuesNoExport -- Time elapsed: 0 s
com.ditrix.edt.mcp.server.tools.impl.DeleteMetadataToolTest.testIsOwnerSelfReferenceExcludesSameOwnerSourceFeatureReference -- Time elapsed: 0 s
com.ditrix.edt.mcp.server.tools.impl.DeleteMetadataToolTest.testDescriptionMentionsPredefinedItems -- Time elapsed: 0 s
com.ditrix.edt.mcp.server.tools.impl.DeleteMetadataToolTest.testLocateXdtoMemberToleratesYoSpelledLookup -- Time elapsed: 0 s
com.ditrix.edt.mcp.server.tools.impl.DeleteMetadataToolTest.testThePreviewListsTheSingularElementsADeleteTakesToo -- Time elapsed: 0 s
com.ditrix.edt.mcp.server.tools.impl.DeleteMetadataToolTest.testDescribePredefinedReferenceInfoOmitsReferencingObjectWhenSourcePathBlank -- Time elapsed: 0.009 s
com.ditrix.edt.mcp.server.tools.impl.DeleteMetadataToolTest.testConfirmIsOptional -- Time elapsed: 0 s
com.ditrix.edt.mcp.server.tools.impl.DeleteMetadataToolTest.testTheFormPromptCountsTheContentItRemoves -- Time elapsed: 0 s
com.ditrix.edt.mcp.server.tools.impl.DeleteMetadataToolTest.testOutputSchemaActionNamesAllThreeOutcomes -- Time elapsed: 0 s
com.ditrix.edt.mcp.server.tools.impl.DeleteMetadataToolTest.testConfirmedGenericDeleteQueuesTheContainerExportAfterPerforming -- Time elapsed: 0 s
com.ditrix.edt.mcp.server.tools.impl.DeleteMetadataToolTest.testCommonFormIsNotAnOwnedFormObject -- Time elapsed: 0 s
com.ditrix.edt.mcp.server.tools.impl.DeleteMetadataToolTest.testDescribePredefinedReferenceInfoBuildsExpectedRowShapeForMetadataReference -- Time elapsed: 0 s
com.ditrix.edt.mcp.server.tools.impl.DeleteMetadataToolTest.testTheConsentPromptCountsTheContainedElements -- Time elapsed: 0 s
com.ditrix.edt.mcp.server.tools.impl.DeleteMetadataToolTest.testAThrowingSubmissionDoesNotTurnADoneDeleteIntoAFailure -- Time elapsed: 0.001 s
com.ditrix.edt.mcp.server.tools.impl.DeleteMetadataToolTest.testASuccessfulSubmissionSaysNothingAboutLag -- Time elapsed: 0 s
com.ditrix.edt.mcp.server.tools.impl.DeleteMetadataToolTest.testForcedDeleteWithStaleRegisteringFileReportsStructuredPartialResult -- Time elapsed: 0.001 s
com.ditrix.edt.mcp.server.tools.impl.DeleteMetadataToolTest.testContainerExportFqnNamesTheConfigurationForATopObject -- Time elapsed: 0 s
com.ditrix.edt.mcp.server.tools.impl.DeleteMetadataToolTest.testDescriptionDocumentsXdtoPackageMembers -- Time elapsed: 0 s
com.ditrix.edt.mcp.server.tools.impl.DeleteMetadataToolTest.testXdtoBranchAsksOnceForAResolvedTargetAndRunsTheWriteOnAllow -- Time elapsed: 0.001 s
com.ditrix.edt.mcp.server.tools.impl.DeleteMetadataToolTest.testMdClassDeleteRefusesNullModelBeforeCallingEdtRefactoring -- Time elapsed: 0 s
com.ditrix.edt.mcp.server.tools.impl.DeleteMetadataToolTest.testADeleteStillDeclaresTheTargetWhenItsContainerExportCannotBeQueued -- Time elapsed: 0 s
com.ditrix.edt.mcp.server.tools.impl.DeleteMetadataToolTest.testXdtoDeleteFailureNamesTheTargetAndTheWayOut -- Time elapsed: 0.001 s
com.ditrix.edt.mcp.server.tools.impl.DeleteMetadataToolTest.testIsOwnerSelfReferenceWalksUpToNestedSourcesTopContainer -- Time elapsed: 0 s
com.ditrix.edt.mcp.server.tools.impl.DeleteMetadataToolTest.testARefusedSubmissionIsReportedButKeepsTheDeleteSuccessful -- Time elapsed: 0 s
com.ditrix.edt.mcp.server.tools.impl.DeleteMetadataToolTest.testRequiredParameters -- Time elapsed: 0 s
com.ditrix.edt.mcp.server.tools.impl.DeleteMetadataToolTest.testLocateXdtoMemberMissingReturnsNull -- Time elapsed: 0 s
com.ditrix.edt.mcp.server.tools.impl.DeleteMetadataToolTest.testXdtoBranchAnswersAnUnresolvedPackageWithoutAskingForConsent -- Time elapsed: 0 s
com.ditrix.edt.mcp.server.tools.impl.DeleteMetadataToolTest.testDescribePredefinedReferenceInfoBuildsExpectedRowShapeForBslReference -- Time elapsed: 0 s
com.ditrix.edt.mcp.server.tools.impl.DeleteMetadataToolTest.testLocateXdtoMemberNullContentReturnsNull -- Time elapsed: 0 s
com.ditrix.edt.mcp.server.tools.impl.DeleteMetadataToolTest.testTheContentSummaryListsWhatItCounts -- Time elapsed: 0 s
com.ditrix.edt.mcp.server.tools.impl.DeleteMetadataToolTest.testContainerExportFqnIsNullWhenNothingCanBeNamed -- Time elapsed: 0 s
com.ditrix.edt.mcp.server.tools.impl.DeleteMetadataToolTest.testIsOwnerSelfReferenceNeverExcludesABslReference -- Time elapsed: 0 s
com.ditrix.edt.mcp.server.tools.impl.DeleteMetadataToolTest.testOutputSchemaDeclaresLegacyAffectedAliases -- Time elapsed: 0 s
com.ditrix.edt.mcp.server.tools.impl.DeleteMetadataToolTest.testGuideCarriesKeyDetail -- Time elapsed: 0 s
com.ditrix.edt.mcp.server.tools.impl.DeleteMetadataToolTest.testAConfirmedDeleteDeclaresTheTargetItWroteAndTheExtensionsTheCascadeReaches -- Time elapsed: 0.001 s
com.ditrix.edt.mcp.server.tools.impl.DeleteMetadataToolTest.testConfigurationRegistrationCheckReadsTheRegistrationElementOnly -- Time elapsed: 0 s
com.ditrix.edt.mcp.server.tools.impl.DeleteMetadataToolTest.testInputSchemaContainsAllParameters -- Time elapsed: 0 s
com.ditrix.edt.mcp.server.tools.impl.DeleteMetadataToolTest.testNameConstant -- Time elapsed: 0 s
com.ditrix.edt.mcp.server.tools.impl.DeleteMetadataToolTest.testVerifiedForcedDeleteKeepsTheExistingHappyPathShape -- Time elapsed: 0 s
com.ditrix.edt.mcp.server.tools.impl.DeleteMetadataToolTest.testLocateXdtoMemberFindsNestedProperty -- Time elapsed: 0.002 s
com.ditrix.edt.mcp.server.tools.impl.DeleteMetadataToolTest.testRefusedConsentQueuesNoExport -- Time elapsed: 0 s
com.ditrix.edt.mcp.server.tools.impl.DeleteMetadataToolTest.testLegacyAffectedAliasesCarryIdenticalContent -- Time elapsed: 0 s
com.ditrix.edt.mcp.server.tools.impl.DeleteMetadataToolTest.testFormObjectFqnRecognizedByDeleteDispatch -- Time elapsed: 0 s
com.ditrix.edt.mcp.server.tools.impl.DeleteMetadataToolTest.testFormResourceFolderPathAcceptsRussianTypeToken -- Time elapsed: 0 s
com.ditrix.edt.mcp.server.tools.impl.DeleteMetadataToolTest.testFailedRefactoringQueuesNoExport -- Time elapsed: 0.001 s
com.ditrix.edt.mcp.server.tools.impl.DeleteMetadataToolTest.testXdtoBranchAnswersAMissingMemberWithoutAskingForConsent -- Time elapsed: 0 s
com.ditrix.edt.mcp.server.tools.impl.DeleteMetadataToolTest.testDescriptionPointsToGuide -- Time elapsed: 0 s
com.ditrix.edt.mcp.server.tools.impl.DeleteMetadataToolTest.testIsOwnerSelfReferenceKeepsReferenceFromADifferentTopObject -- Time elapsed: 0 s
com.ditrix.edt.mcp.server.tools.impl.DeleteMetadataToolTest.testMdClassDeleteSettlesBeforeCallingEdtRefactoring -- Time elapsed: 0.001 s
com.ditrix.edt.mcp.server.tools.impl.DeleteMetadataToolTest.testXdtoBranchRunsItsWriteOnlyWhenConsentIsGranted -- Time elapsed: 0 s
com.ditrix.edt.mcp.server.tools.impl.DeleteMetadataToolTest.testConsentAllowRunsTheWriteExactlyOnce -- Time elapsed: 0 s
com.ditrix.edt.mcp.server.tools.impl.DeleteMetadataToolTest.testAnUnnameableContainerQueuesNothingAndStillSucceeds -- Time elapsed: 0 s
com.ditrix.edt.mcp.server.tools.impl.DeleteMetadataToolTest.testConsentTimeoutNeverRunsTheWrite -- Time elapsed: 0 s
com.ditrix.edt.mcp.server.tools.impl.DeleteMetadataToolTest.testDescriptionDocumentsTwoPhaseAndBlocking -- Time elapsed: 0 s
com.ditrix.edt.mcp.server.tools.impl.DeleteMetadataToolTest.testAnEmptyFormPromptStaysReadable -- Time elapsed: 0 s
