-------------------------------------------------------------------------------
Test set: com.ditrix.edt.mcp.server.tools.impl.RunYaxunitTestsToolTest
-------------------------------------------------------------------------------
Tests run: 72, Failures: 0, Errors: 0, Skipped: 0, Time elapsed: 3.027 s -- in com.ditrix.edt.mcp.server.tools.impl.RunYaxunitTestsToolTest
com.ditrix.edt.mcp.server.tools.impl.RunYaxunitTestsToolTest.testEveryPrepRequestFieldIsClassifiedForThePrepKey -- Time elapsed: 0.007 s
com.ditrix.edt.mcp.server.tools.impl.RunYaxunitTestsToolTest.testExecuteMissingProjectName -- Time elapsed: 0 s
com.ditrix.edt.mcp.server.tools.impl.RunYaxunitTestsToolTest.testGuideExplainsDebugMode -- Time elapsed: 0 s
com.ditrix.edt.mcp.server.tools.impl.RunYaxunitTestsToolTest.testDescriptionNotEmpty -- Time elapsed: 0 s
com.ditrix.edt.mcp.server.tools.impl.RunYaxunitTestsToolTest.testRunKeyDistinguishesTheResolvedTarget -- Time elapsed: 0 s
com.ditrix.edt.mcp.server.tools.impl.RunYaxunitTestsToolTest.testTerminalJobIsNotReusedButOldResultRemainsFetchable -- Time elapsed: 0.001 s
com.ditrix.edt.mcp.server.tools.impl.RunYaxunitTestsToolTest.testSchemaDocumentsUpdateBeforeLaunchFalseContract -- Time elapsed: 0 s
com.ditrix.edt.mcp.server.tools.impl.RunYaxunitTestsToolTest.testPrepJobBodyBracketsTheAuthDialogSuppressorCounter -- Time elapsed: 0.001 s
com.ditrix.edt.mcp.server.tools.impl.RunYaxunitTestsToolTest.testCompletedReportCanBeFetchedMoreThanOnce -- Time elapsed: 0.001 s
com.ditrix.edt.mcp.server.tools.impl.RunYaxunitTestsToolTest.testGuideDocumentsThePreFlightOrderAndTheStuckPhaseSignal -- Time elapsed: 0 s
com.ditrix.edt.mcp.server.tools.impl.RunYaxunitTestsToolTest.testRemainingMillisFloorsAtZero -- Time elapsed: 0 s
com.ditrix.edt.mcp.server.tools.impl.RunYaxunitTestsToolTest.testSubmissionIdentityIncludesEveryExecutionFieldExceptTimeout -- Time elapsed: 0.001 s
com.ditrix.edt.mcp.server.tools.impl.RunYaxunitTestsToolTest.testPrepKeyDistinguishesTheRebuildScope -- Time elapsed: 0 s
com.ditrix.edt.mcp.server.tools.impl.RunYaxunitTestsToolTest.testGuideDocumentsSelectiveRecompute -- Time elapsed: 0 s
com.ditrix.edt.mcp.server.tools.impl.RunYaxunitTestsToolTest.testExecuteEmptyParams -- Time elapsed: 0 s
com.ditrix.edt.mcp.server.tools.impl.RunYaxunitTestsToolTest.testExecuteMissingApplicationId -- Time elapsed: 0 s
com.ditrix.edt.mcp.server.tools.impl.RunYaxunitTestsToolTest.testShortRunReturnsOriginalReportWithoutJobWrapper -- Time elapsed: 0 s
com.ditrix.edt.mcp.server.tools.impl.RunYaxunitTestsToolTest.testEmptyOrAbsentTagsWriteNoFilterAtAll -- Time elapsed: 0 s
com.ditrix.edt.mcp.server.tools.impl.RunYaxunitTestsToolTest.testARunningPreparationIsNeverEvictedAndDuplicated -- Time elapsed: 0 s
com.ditrix.edt.mcp.server.tools.impl.RunYaxunitTestsToolTest.testGuideDocumentsDebug1003RaceNetConfirmer -- Time elapsed: 0 s
com.ditrix.edt.mcp.server.tools.impl.RunYaxunitTestsToolTest.testPendingCarriesJobIdAndIdenticalSubmissionAttaches -- Time elapsed: 0 s
com.ditrix.edt.mcp.server.tools.impl.RunYaxunitTestsToolTest.testUpdateScopeDescriptionMentionsAllOptions -- Time elapsed: 0 s
com.ditrix.edt.mcp.server.tools.impl.RunYaxunitTestsToolTest.testGuideDocumentsNamedPendingDelivery -- Time elapsed: 0 s
com.ditrix.edt.mcp.server.tools.impl.RunYaxunitTestsToolTest.testPrepKeyDistinguishesTheTargetAndTheConflictAnswer -- Time elapsed: 0 s
com.ditrix.edt.mcp.server.tools.impl.RunYaxunitTestsToolTest.testDebugPathArmFlagsGateUpdateMatcherOnly -- Time elapsed: 0 s
com.ditrix.edt.mcp.server.tools.impl.RunYaxunitTestsToolTest.testAttachedCallerReceivesCommittedCancellationPartialResult -- Time elapsed: 0.001 s
com.ditrix.edt.mcp.server.tools.impl.RunYaxunitTestsToolTest.testPrepKeyIgnoresTheJobLabelSoRunAndDebugShareOnePreparation -- Time elapsed: 0 s
com.ditrix.edt.mcp.server.tools.impl.RunYaxunitTestsToolTest.testPrepPhaseLabelNamespacesTheBackgroundStage -- Time elapsed: 0 s
com.ditrix.edt.mcp.server.tools.impl.RunYaxunitTestsToolTest.testGuideDocumentsHonestCancellationBoundary -- Time elapsed: 0 s
com.ditrix.edt.mcp.server.tools.impl.RunYaxunitTestsToolTest.testUpdateScopeDescriptionDocumentsUnknownNameHardError -- Time elapsed: 0 s
com.ditrix.edt.mcp.server.tools.impl.RunYaxunitTestsToolTest.testResponseTypeMarkdown -- Time elapsed: 0 s
com.ditrix.edt.mcp.server.tools.impl.RunYaxunitTestsToolTest.testDifferentStartWaitWindowsStillAttachByNamedSubmission -- Time elapsed: 1.002 s
com.ditrix.edt.mcp.server.tools.impl.RunYaxunitTestsToolTest.testDebugSweepGatedOnUpdateBeforeLaunch -- Time elapsed: 0 s
com.ditrix.edt.mcp.server.tools.impl.RunYaxunitTestsToolTest.testPrepKeyTreatsEquivalentScopesAsOnePreparation -- Time elapsed: 0 s
com.ditrix.edt.mcp.server.tools.impl.RunYaxunitTestsToolTest.testTagsLandInTheGeneratedFilter -- Time elapsed: 0 s
com.ditrix.edt.mcp.server.tools.impl.RunYaxunitTestsToolTest.testToolName -- Time elapsed: 0 s
com.ditrix.edt.mcp.server.tools.impl.RunYaxunitTestsToolTest.testSchemaDeclaresUpdateScope -- Time elapsed: 0.001 s
com.ditrix.edt.mcp.server.tools.impl.RunYaxunitTestsToolTest.testUnverifiedTerminationRetainsEquivalentRunClaimUntilWorkerExit -- Time elapsed: 0 s
com.ditrix.edt.mcp.server.tools.impl.RunYaxunitTestsToolTest.testRunKeyTreatsEquivalentScopesAsOneRun -- Time elapsed: 0.001 s
com.ditrix.edt.mcp.server.tools.impl.RunYaxunitTestsToolTest.testRunKeyPartsCannotImpersonateASeparator -- Time elapsed: 0 s
com.ditrix.edt.mcp.server.tools.impl.RunYaxunitTestsToolTest.testEveryRunRequestFieldIsClassifiedForTheRunKey -- Time elapsed: 0 s
com.ditrix.edt.mcp.server.tools.impl.RunYaxunitTestsToolTest.testSchemaContainsRequiredFields -- Time elapsed: 0 s
com.ditrix.edt.mcp.server.tools.impl.RunYaxunitTestsToolTest.testTagsCombineWithTheOtherFilterFamilies -- Time elapsed: 0 s
com.ditrix.edt.mcp.server.tools.impl.RunYaxunitTestsToolTest.testSchemaDoesNotPromiseAnUnconditionalRecompute -- Time elapsed: 0 s
com.ditrix.edt.mcp.server.tools.impl.RunYaxunitTestsToolTest.testSchemaDeclaresDebugFlag -- Time elapsed: 0 s
com.ditrix.edt.mcp.server.tools.impl.RunYaxunitTestsToolTest.testGuideDocumentsDebugFreshRunTerminatesExistingClientSession -- Time elapsed: 0 s
com.ditrix.edt.mcp.server.tools.impl.RunYaxunitTestsToolTest.testTheSchedulerHandsTheJobToTheEntry -- Time elapsed: 0.001 s
com.ditrix.edt.mcp.server.tools.impl.RunYaxunitTestsToolTest.testRunPathArmFlagsFollowUpdateBeforeLaunch -- Time elapsed: 0 s
com.ditrix.edt.mcp.server.tools.impl.RunYaxunitTestsToolTest.testCancellationPreviewNamesOwningTool -- Time elapsed: 0.001 s
com.ditrix.edt.mcp.server.tools.impl.RunYaxunitTestsToolTest.testGuideDocumentsDebugFreshRunNeverTouchesStandaloneServer -- Time elapsed: 0 s
com.ditrix.edt.mcp.server.tools.impl.RunYaxunitTestsToolTest.testGuideDocumentsFreshRunSweepExemptsMcpOwnedLaunches -- Time elapsed: 0 s
com.ditrix.edt.mcp.server.tools.impl.RunYaxunitTestsToolTest.testPendingRendersCurrentJobProgress -- Time elapsed: 0.001 s
com.ditrix.edt.mcp.server.tools.impl.RunYaxunitTestsToolTest.testRunKeyDistinguishesTheFreshnessGuarantee -- Time elapsed: 0 s
com.ditrix.edt.mcp.server.tools.impl.RunYaxunitTestsToolTest.testRunKeyIgnoresTheRebuildScopeWhenTheChainIsOff -- Time elapsed: 0 s
com.ditrix.edt.mcp.server.tools.impl.RunYaxunitTestsToolTest.testCancellationBeforeCommitStopsYaxunitJob -- Time elapsed: 0 s
com.ditrix.edt.mcp.server.tools.impl.RunYaxunitTestsToolTest.testConnectsToInfobaseIsTrue -- Time elapsed: 0 s
com.ditrix.edt.mcp.server.tools.impl.RunYaxunitTestsToolTest.testRunKeyDistinguishesTagSelections -- Time elapsed: 0.001 s
com.ditrix.edt.mcp.server.tools.impl.RunYaxunitTestsToolTest.testGuideDocuments25sBudgetAndBackgroundPrep -- Time elapsed: 0 s
com.ditrix.edt.mcp.server.tools.impl.RunYaxunitTestsToolTest.testGuideDocumentsServerApplicationDeferredUpdate -- Time elapsed: 0 s
com.ditrix.edt.mcp.server.tools.impl.RunYaxunitTestsToolTest.testGuideHasMigratedDetail -- Time elapsed: 0 s
com.ditrix.edt.mcp.server.tools.impl.RunYaxunitTestsToolTest.testDocsDoNotClaimUpdateBeforeLaunchTrueIsDialogFree -- Time elapsed: 0 s
com.ditrix.edt.mcp.server.tools.impl.RunYaxunitTestsToolTest.testGuideDocumentsDebugSweepSkippedOnOptOut -- Time elapsed: 0 s
com.ditrix.edt.mcp.server.tools.impl.RunYaxunitTestsToolTest.testPrepJobBodyDoesNotStampAPhaseTheChainNeverReached -- Time elapsed: 0 s
com.ditrix.edt.mcp.server.tools.impl.RunYaxunitTestsToolTest.testRunKeyDistinguishesTheRebuildScope -- Time elapsed: 0 s
com.ditrix.edt.mcp.server.tools.impl.RunYaxunitTestsToolTest.testDescriptionDocumentsSelectiveRecompute -- Time elapsed: 0 s
com.ditrix.edt.mcp.server.tools.impl.RunYaxunitTestsToolTest.testPreparationWaitIsCappedByTheCallDeadlineNotTheFullBudget -- Time elapsed: 2.000 s
com.ditrix.edt.mcp.server.tools.impl.RunYaxunitTestsToolTest.testPrepPendingDoesNotClaimWorkTheGateMaySkip -- Time elapsed: 0 s
com.ditrix.edt.mcp.server.tools.impl.RunYaxunitTestsToolTest.testTimeoutIsClampedToTheTransportSafeCeiling -- Time elapsed: 0 s
com.ditrix.edt.mcp.server.tools.impl.RunYaxunitTestsToolTest.testCancellingAttachmentStopsWaitWithoutStoppingMirroredRun -- Time elapsed: 0.002 s
com.ditrix.edt.mcp.server.tools.impl.RunYaxunitTestsToolTest.testRunKeyFollowsTheGeneratedFilterExactly -- Time elapsed: 0 s
com.ditrix.edt.mcp.server.tools.impl.RunYaxunitTestsToolTest.testCommittedJobWithoutCancellationCapabilityReportsNotCancelled -- Time elapsed: 0.004 s
com.ditrix.edt.mcp.server.tools.impl.RunYaxunitTestsToolTest.testDescriptionDocumentsTheClampedWindowAndThePhases -- Time elapsed: 0 s
