-------------------------------------------------------------------------------
Test set: com.ditrix.edt.mcp.server.utils.DebugServerTargetSupportTest
-------------------------------------------------------------------------------
Tests run: 58, Failures: 0, Errors: 0, Skipped: 0, Time elapsed: 0.062 s -- in com.ditrix.edt.mcp.server.utils.DebugServerTargetSupportTest
com.ditrix.edt.mcp.server.utils.DebugServerTargetSupportTest.testIsClientThreadNullTypeIsConservativelyClient -- Time elapsed: 0.018 s
com.ditrix.edt.mcp.server.utils.DebugServerTargetSupportTest.testFindFirstLiveServerThreadIgnoresClientUnknownAndPlainThreads -- Time elapsed: 0.003 s
com.ditrix.edt.mcp.server.utils.DebugServerTargetSupportTest.testFindFirstLiveClientThreadGetThreadsThrowsReturnsNull -- Time elapsed: 0 s
com.ditrix.edt.mcp.server.utils.DebugServerTargetSupportTest.testMatchesServerTargetIdOwningLaunchId -- Time elapsed: 0.001 s
com.ditrix.edt.mcp.server.utils.DebugServerTargetSupportTest.testMatchesServerTargetIdBareFormOfMintedIdWithoutApplicationName -- Time elapsed: 0 s
com.ditrix.edt.mcp.server.utils.DebugServerTargetSupportTest.testIsClientThreadUnknownTypeIsConservativelyClient -- Time elapsed: 0 s
com.ditrix.edt.mcp.server.utils.DebugServerTargetSupportTest.testFindFirstLiveThreadDoesNotRequireSuspension -- Time elapsed: 0 s
com.ditrix.edt.mcp.server.utils.DebugServerTargetSupportTest.testIsServerTargetServerTypedThreadWinsOverLiveOwningLaunch -- Time elapsed: 0 s
com.ditrix.edt.mcp.server.utils.DebugServerTargetSupportTest.testIsClientThreadAllServerSideTypesAreNotClient -- Time elapsed: 0 s
com.ditrix.edt.mcp.server.utils.DebugServerTargetSupportTest.testFindFirstLiveServerThreadNullAndTerminatedTargetReturnNull -- Time elapsed: 0 s
com.ditrix.edt.mcp.server.utils.DebugServerTargetSupportTest.testResolveNullReturnsNull -- Time elapsed: 0 s
com.ditrix.edt.mcp.server.utils.DebugServerTargetSupportTest.testServerAppIdPrefix -- Time elapsed: 0 s
com.ditrix.edt.mcp.server.utils.DebugServerTargetSupportTest.testIsServerApplicationIdRejectsOtherIds -- Time elapsed: 0 s
com.ditrix.edt.mcp.server.utils.DebugServerTargetSupportTest.testIsServerTargetNonEdtOwningLaunchIsServerTarget -- Time elapsed: 0 s
com.ditrix.edt.mcp.server.utils.DebugServerTargetSupportTest.testIsServerTargetNullTargetIsFalse -- Time elapsed: 0 s
com.ditrix.edt.mcp.server.utils.DebugServerTargetSupportTest.testIsClientThreadServerTypedThreadIsNotClient -- Time elapsed: 0 s
com.ditrix.edt.mcp.server.utils.DebugServerTargetSupportTest.testFindFirstLiveClientThreadPlainEclipseThreadCounts -- Time elapsed: 0.001 s
com.ditrix.edt.mcp.server.utils.DebugServerTargetSupportTest.testIsServerTargetUnregisteredOwningLaunchIsServerTarget -- Time elapsed: 0 s
com.ditrix.edt.mcp.server.utils.DebugServerTargetSupportTest.testFindFirstLiveThreadTerminatedTargetReturnsNull -- Time elapsed: 0 s
com.ditrix.edt.mcp.server.utils.DebugServerTargetSupportTest.testFindFirstLiveThreadGetThreadsThrowsReturnsNull -- Time elapsed: 0 s
com.ditrix.edt.mcp.server.utils.DebugServerTargetSupportTest.testFindFirstLiveThreadSkipsTerminatedAndReturnsFirstLive -- Time elapsed: 0 s
com.ditrix.edt.mcp.server.utils.DebugServerTargetSupportTest.testFindRuntimeClientDebugTargetHeadlessReturnsNull -- Time elapsed: 0 s
com.ditrix.edt.mcp.server.utils.DebugServerTargetSupportTest.testFindFirstLiveThreadNullTargetReturnsNull -- Time elapsed: 0 s
com.ditrix.edt.mcp.server.utils.DebugServerTargetSupportTest.testIsClientThreadNonRuntimeThreadIsConservativelyClient -- Time elapsed: 0 s
com.ditrix.edt.mcp.server.utils.DebugServerTargetSupportTest.testIsServerTargetLaunchOwnedClientSessionIsNotServerTarget -- Time elapsed: 0.001 s
com.ditrix.edt.mcp.server.utils.DebugServerTargetSupportTest.testIsClientThreadGetTypeThrowsIsConservativelyClient -- Time elapsed: 0 s
com.ditrix.edt.mcp.server.utils.DebugServerTargetSupportTest.testResolveUnknownReturnsNull -- Time elapsed: 0 s
com.ditrix.edt.mcp.server.utils.DebugServerTargetSupportTest.testPollForSuspendedThreadNullTargetReturnsNull -- Time elapsed: 0 s
com.ditrix.edt.mcp.server.utils.DebugServerTargetSupportTest.testIsServerTargetNoOwningLaunchIsServerTarget -- Time elapsed: 0 s
com.ditrix.edt.mcp.server.utils.DebugServerTargetSupportTest.testFindFirstLiveThreadClientTargetReturnsLiveThread -- Time elapsed: 0 s
com.ditrix.edt.mcp.server.utils.DebugServerTargetSupportTest.testDuplicateDetectStillMatchesLaunchOwnedClientSession -- Time elapsed: 0.035 s
com.ditrix.edt.mcp.server.utils.DebugServerTargetSupportTest.testResolveEmptyReturnsNull -- Time elapsed: 0 s
com.ditrix.edt.mcp.server.utils.DebugServerTargetSupportTest.testFindRuntimeClientDebugTargetNullArgsReturnNull -- Time elapsed: 0 s
com.ditrix.edt.mcp.server.utils.DebugServerTargetSupportTest.testIsServerTargetOwnershipViaGetDebugTargetsContainment -- Time elapsed: 0 s
com.ditrix.edt.mcp.server.utils.DebugServerTargetSupportTest.testFindFirstLiveThreadServerTargetWithOnlyTerminatedThreadsReturnsNull -- Time elapsed: 0 s
com.ditrix.edt.mcp.server.utils.DebugServerTargetSupportTest.testIsClientThreadClientTypedThreadsAreClient -- Time elapsed: 0 s
com.ditrix.edt.mcp.server.utils.DebugServerTargetSupportTest.testFindFirstLiveClientThreadDeadClientLiveServerReturnsNull -- Time elapsed: 0 s
com.ditrix.edt.mcp.server.utils.DebugServerTargetSupportTest.testFindFirstLiveServerThreadIgnoresTerminatedServerThread -- Time elapsed: 0 s
com.ditrix.edt.mcp.server.utils.DebugServerTargetSupportTest.testFindFirstLiveClientThreadMixedThreadsReturnsTheClientOne -- Time elapsed: 0 s
com.ditrix.edt.mcp.server.utils.DebugServerTargetSupportTest.testDuplicateDetectSkipsTerminatedTarget -- Time elapsed: 0 s
com.ditrix.edt.mcp.server.utils.DebugServerTargetSupportTest.testFindFirstLiveClientThreadServerTypedLiveThreadReturnsNull -- Time elapsed: 0 s
com.ditrix.edt.mcp.server.utils.DebugServerTargetSupportTest.testFindFirstLiveClientThreadNoThreadsReturnsNull -- Time elapsed: 0 s
com.ditrix.edt.mcp.server.utils.DebugServerTargetSupportTest.testIsAnyThreadSuspendedNullTargetIsFalse -- Time elapsed: 0 s
com.ditrix.edt.mcp.server.utils.DebugServerTargetSupportTest.testIsClientThreadNullThreadIsNotClient -- Time elapsed: 0 s
com.ditrix.edt.mcp.server.utils.DebugServerTargetSupportTest.testDuplicateDetectRequiresProjectAndAppIdMatch -- Time elapsed: 0.001 s
com.ditrix.edt.mcp.server.utils.DebugServerTargetSupportTest.testFindFirstLiveClientThreadUnknownTypedLiveThreadCounts -- Time elapsed: 0 s
com.ditrix.edt.mcp.server.utils.DebugServerTargetSupportTest.testFindFirstLiveClientThreadClientTypedLiveThreadReturnsIt -- Time elapsed: 0 s
com.ditrix.edt.mcp.server.utils.DebugServerTargetSupportTest.testIsServerApplicationIdMatchesServerPrefix -- Time elapsed: 0 s
com.ditrix.edt.mcp.server.utils.DebugServerTargetSupportTest.testFindFirstLiveServerThreadFindsLiveServerTyped -- Time elapsed: 0 s
com.ditrix.edt.mcp.server.utils.DebugServerTargetSupportTest.testIsServerTargetTerminatedOwningLaunchIsServerTarget -- Time elapsed: 0 s
com.ditrix.edt.mcp.server.utils.DebugServerTargetSupportTest.testMatchesServerTargetIdAllForms -- Time elapsed: 0 s
com.ditrix.edt.mcp.server.utils.DebugServerTargetSupportTest.testFindFirstLiveThreadServerTargetWithNoThreadsReturnsNull -- Time elapsed: 0 s
com.ditrix.edt.mcp.server.utils.DebugServerTargetSupportTest.testListServerTargetsNeverNull -- Time elapsed: 0 s
com.ditrix.edt.mcp.server.utils.DebugServerTargetSupportTest.testFindFirstLiveClientThreadNullAndTerminatedTargetReturnNull -- Time elapsed: 0 s
com.ditrix.edt.mcp.server.utils.DebugServerTargetSupportTest.testFindLoneServerTargetReturnsNull -- Time elapsed: 0 s
com.ditrix.edt.mcp.server.utils.DebugServerTargetSupportTest.testIsServerTargetHeadlessNeverThrows -- Time elapsed: 0 s
com.ditrix.edt.mcp.server.utils.DebugServerTargetSupportTest.testDuplicateDetectStillSkipsServerSession -- Time elapsed: 0.001 s
com.ditrix.edt.mcp.server.utils.DebugServerTargetSupportTest.testFindSuspendedThreadNullTargetReturnsNull -- Time elapsed: 0 s
