-------------------------------------------------------------------------------
Test set: com.ditrix.edt.mcp.server.utils.PreLaunchChangeTrackerTest
-------------------------------------------------------------------------------
Tests run: 61, Failures: 0, Errors: 0, Skipped: 0, Time elapsed: 0.104 s -- in com.ditrix.edt.mcp.server.utils.PreLaunchChangeTrackerTest
com.ditrix.edt.mcp.server.utils.PreLaunchChangeTrackerTest.testChangedWithContentAndDerivedIsNotDirty -- Time elapsed: 0.020 s
com.ditrix.edt.mcp.server.utils.PreLaunchChangeTrackerTest.testFileInsideADerivedFolderIsNotDirty -- Time elapsed: 0 s
com.ditrix.edt.mcp.server.utils.PreLaunchChangeTrackerTest.testSnapshotSkipsClosedProjects -- Time elapsed: 0 s
com.ditrix.edt.mcp.server.utils.PreLaunchChangeTrackerTest.testAddedDerivedFileIsNotDirty -- Time elapsed: 0 s
com.ditrix.edt.mcp.server.utils.PreLaunchChangeTrackerTest.testChangedWithMovedToFlagIsDirty -- Time elapsed: 0 s
com.ditrix.edt.mcp.server.utils.PreLaunchChangeTrackerTest.testMarkPreparedClearsDirtyFlag -- Time elapsed: 0.001 s
com.ditrix.edt.mcp.server.utils.PreLaunchChangeTrackerTest.testMarkPreparedWithoutSnapshotCertifiesNothing -- Time elapsed: 0.001 s
com.ditrix.edt.mcp.server.utils.PreLaunchChangeTrackerTest.testFingerprintIgnoresFoldersAndVisitOrder -- Time elapsed: 0.011 s
com.ditrix.edt.mcp.server.utils.PreLaunchChangeTrackerTest.testReopeningAProjectForcesANewDiskSync -- Time elapsed: 0.001 s
com.ditrix.edt.mcp.server.utils.PreLaunchChangeTrackerTest.testAnOrdinaryProjectDeltaDoesNotForceANewDiskSync -- Time elapsed: 0 s
com.ditrix.edt.mcp.server.utils.PreLaunchChangeTrackerTest.testPrepInFlightExpiredAfterExpiryTimeOnceItHasFinished -- Time elapsed: 0.001 s
com.ditrix.edt.mcp.server.utils.PreLaunchChangeTrackerTest.testUnsyncableProjectIsTreatedAsChanged -- Time elapsed: 0 s
com.ditrix.edt.mcp.server.utils.PreLaunchChangeTrackerTest.testPreparedProjectIsClean -- Time elapsed: 0.002 s
com.ditrix.edt.mcp.server.utils.PreLaunchChangeTrackerTest.testPrepInFlightCancelledBeforeItRanIsReplaceable -- Time elapsed: 0 s
com.ditrix.edt.mcp.server.utils.PreLaunchChangeTrackerTest.testPrepInFlightOnlyOneThreadWinsStartedCas -- Time elapsed: 0 s
com.ditrix.edt.mcp.server.utils.PreLaunchChangeTrackerTest.testPrepInFlightNotDoneInitially -- Time elapsed: 0.001 s
com.ditrix.edt.mcp.server.utils.PreLaunchChangeTrackerTest.testChangedWithMarkersAndContentIsDirty -- Time elapsed: 0 s
com.ditrix.edt.mcp.server.utils.PreLaunchChangeTrackerTest.testProductionStoreSurvivesAFailingProject -- Time elapsed: 0 s
com.ditrix.edt.mcp.server.utils.PreLaunchChangeTrackerTest.testSnapshotReportsDirtyScope -- Time elapsed: 0.001 s
com.ditrix.edt.mcp.server.utils.PreLaunchChangeTrackerTest.testMarkPreparedNullCollectionIsNoOp -- Time elapsed: 0 s
com.ditrix.edt.mcp.server.utils.PreLaunchChangeTrackerTest.testPreparedProjectStaysCleanAcrossPluginRestart -- Time elapsed: 0.001 s
com.ditrix.edt.mcp.server.utils.PreLaunchChangeTrackerTest.testMarkPreparedPartialListLeavesOtherDirty -- Time elapsed: 0.001 s
com.ditrix.edt.mcp.server.utils.PreLaunchChangeTrackerTest.testDirtyCleanPartitionIndependent -- Time elapsed: 0.001 s
com.ditrix.edt.mcp.server.utils.PreLaunchChangeTrackerTest.testFingerprintIgnoresTheGitStore -- Time elapsed: 0.001 s
com.ditrix.edt.mcp.server.utils.PreLaunchChangeTrackerTest.testPrepKeyForNullSafe -- Time elapsed: 0 s
com.ditrix.edt.mcp.server.utils.PreLaunchChangeTrackerTest.testAddedFileIsDirty -- Time elapsed: 0 s
com.ditrix.edt.mcp.server.utils.PreLaunchChangeTrackerTest.testTreeIsSyncedOncePerSessionAndAgainAfterRestart -- Time elapsed: 0.001 s
com.ditrix.edt.mcp.server.utils.PreLaunchChangeTrackerTest.testPrepInFlightElapsedSecondsNonNegative -- Time elapsed: 0 s
com.ditrix.edt.mcp.server.utils.PreLaunchChangeTrackerTest.testFileChangeAfterPrepareRedirties -- Time elapsed: 0 s
com.ditrix.edt.mcp.server.utils.PreLaunchChangeTrackerTest.testAFailedSyncIsRetriedOnTheNextLaunch -- Time elapsed: 0.001 s
com.ditrix.edt.mcp.server.utils.PreLaunchChangeTrackerTest.testChangedWithMarkersOnlyIsNotDirty -- Time elapsed: 0 s
com.ditrix.edt.mcp.server.utils.PreLaunchChangeTrackerTest.testPrepInFlightNotExpiredImmediately -- Time elapsed: 0 s
com.ditrix.edt.mcp.server.utils.PreLaunchChangeTrackerTest.testChangeDuringRecomputeIsNotCertifiedAcrossRestart -- Time elapsed: 0.001 s
com.ditrix.edt.mcp.server.utils.PreLaunchChangeTrackerTest.testContentChangedWhilePluginWasDownIsDirty -- Time elapsed: 0 s
com.ditrix.edt.mcp.server.utils.PreLaunchChangeTrackerTest.testPrepInFlightLatchCountsDown -- Time elapsed: 0 s
com.ditrix.edt.mcp.server.utils.PreLaunchChangeTrackerTest.testPrepInFlightThatNeverGotACarrierIsNotImmortal -- Time elapsed: 0 s
com.ditrix.edt.mcp.server.utils.PreLaunchChangeTrackerTest.testNullDeltaIsNotDirty -- Time elapsed: 0 s
com.ditrix.edt.mcp.server.utils.PreLaunchChangeTrackerTest.testSnapshotSeesAChangeThatLandsAfterItWasTaken -- Time elapsed: 0 s
com.ditrix.edt.mcp.server.utils.PreLaunchChangeTrackerTest.testProjectDeltaIsNotDirty -- Time elapsed: 0 s
com.ditrix.edt.mcp.server.utils.PreLaunchChangeTrackerTest.testProductionStoreUsesAPersistentProperty -- Time elapsed: 0.001 s
com.ditrix.edt.mcp.server.utils.PreLaunchChangeTrackerTest.testFingerprintFollowsModificationStamp -- Time elapsed: 0 s
com.ditrix.edt.mcp.server.utils.PreLaunchChangeTrackerTest.testFingerprintFollowsAddedAndRenamedFiles -- Time elapsed: 0.002 s
com.ditrix.edt.mcp.server.utils.PreLaunchChangeTrackerTest.testRemovedDerivedFileIsNotDirty -- Time elapsed: 0 s
com.ditrix.edt.mcp.server.utils.PreLaunchChangeTrackerTest.testChangedWithMovedFromFlagIsDirty -- Time elapsed: 0 s
com.ditrix.edt.mcp.server.utils.PreLaunchChangeTrackerTest.testTheGateUsesTheRealRefreshWithProductionBindings -- Time elapsed: 0.001 s
com.ditrix.edt.mcp.server.utils.PreLaunchChangeTrackerTest.testProductionDiskSyncRefreshesTheProjectFromDisk -- Time elapsed: 0 s
com.ditrix.edt.mcp.server.utils.PreLaunchChangeTrackerTest.testUnreadableContentIsDirty -- Time elapsed: 0 s
com.ditrix.edt.mcp.server.utils.PreLaunchChangeTrackerTest.testOfflineEditIsSeenBecauseTheTreeIsSyncedFirst -- Time elapsed: 0.001 s
com.ditrix.edt.mcp.server.utils.PreLaunchChangeTrackerTest.testDirtyEventDuringRecomputeKeepsProjectDirty -- Time elapsed: 0.001 s
com.ditrix.edt.mcp.server.utils.PreLaunchChangeTrackerTest.testNullProjectIsNotDirty -- Time elapsed: 0 s
com.ditrix.edt.mcp.server.utils.PreLaunchChangeTrackerTest.testDeltaWithNullResourceIsNotDirty -- Time elapsed: 0 s
com.ditrix.edt.mcp.server.utils.PreLaunchChangeTrackerTest.testChangedWithContentFlagIsDirty -- Time elapsed: 0 s
com.ditrix.edt.mcp.server.utils.PreLaunchChangeTrackerTest.testChangedWithReplacedFlagIsDirty -- Time elapsed: 0 s
com.ditrix.edt.mcp.server.utils.PreLaunchChangeTrackerTest.testFingerprintIgnoresDerivedFiles -- Time elapsed: 0.001 s
com.ditrix.edt.mcp.server.utils.PreLaunchChangeTrackerTest.testFolderDeltaIsNotDirty -- Time elapsed: 0 s
com.ditrix.edt.mcp.server.utils.PreLaunchChangeTrackerTest.testNeverPreparedIsDirty -- Time elapsed: 0 s
com.ditrix.edt.mcp.server.utils.PreLaunchChangeTrackerTest.testCombineSeparatesFileCount -- Time elapsed: 0 s
com.ditrix.edt.mcp.server.utils.PreLaunchChangeTrackerTest.testARefreshThatOutlivesItsDeadlineIsNotProof -- Time elapsed: 0.051 s
com.ditrix.edt.mcp.server.utils.PreLaunchChangeTrackerTest.testRemovedFileIsDirty -- Time elapsed: 0 s
com.ditrix.edt.mcp.server.utils.PreLaunchChangeTrackerTest.testFileTokenSeparatesPathAndStamp -- Time elapsed: 0 s
com.ditrix.edt.mcp.server.utils.PreLaunchChangeTrackerTest.testGitStoreChangeDoesNotDirtyTheProject -- Time elapsed: 0 s
