-------------------------------------------------------------------------------
Test set: com.ditrix.edt.mcp.server.tools.impl.GetProjectErrorsToolTest
-------------------------------------------------------------------------------
Tests run: 112, Failures: 0, Errors: 0, Skipped: 0, Time elapsed: 0.061 s -- in com.ditrix.edt.mcp.server.tools.impl.GetProjectErrorsToolTest
com.ditrix.edt.mcp.server.tools.impl.GetProjectErrorsToolTest.testResolveSymbolicCheckIdNullRepository -- Time elapsed: 0.012 s
com.ditrix.edt.mcp.server.tools.impl.GetProjectErrorsToolTest.testAResolvedFormMemberIsScopedByTheFormItsProblemsAreReportedOn -- Time elapsed: 0.001 s
com.ditrix.edt.mcp.server.tools.impl.GetProjectErrorsToolTest.testAnItemLevelHandlerAddressMustNameTheOwnersKind -- Time elapsed: 0 s
com.ditrix.edt.mcp.server.tools.impl.GetProjectErrorsToolTest.testTheOwnerQuestionSeesAnInheritedCONTAINMENT -- Time elapsed: 0 s
com.ditrix.edt.mcp.server.tools.impl.GetProjectErrorsToolTest.testEveryResolvingYoReadingOfADeferredMemberAccumulates -- Time elapsed: 0.001 s
com.ditrix.edt.mcp.server.tools.impl.GetProjectErrorsToolTest.testAnAttributeColumnIsScopedByItsOwningFormNotByItsAttribute -- Time elapsed: 0 s
com.ditrix.edt.mcp.server.tools.impl.GetProjectErrorsToolTest.testGuideIsNonEmptyAndHoldsMigratedDetail -- Time elapsed: 0 s
com.ditrix.edt.mcp.server.tools.impl.GetProjectErrorsToolTest.testCheckIdFilterMatchesSymbolicId -- Time elapsed: 0 s
com.ditrix.edt.mcp.server.tools.impl.GetProjectErrorsToolTest.testEveryValidFirstStepIsAContainmentAndStaysPossible -- Time elapsed: 0.008 s
com.ditrix.edt.mcp.server.tools.impl.GetProjectErrorsToolTest.testWhitespaceAroundASegmentIsNormalizedRatherThanRefused -- Time elapsed: 0.008 s
com.ditrix.edt.mcp.server.tools.impl.GetProjectErrorsToolTest.testAYolessAddressResolvesToItselfAndAGenuineMissStaysMissing -- Time elapsed: 0 s
com.ditrix.edt.mcp.server.tools.impl.GetProjectErrorsToolTest.testResolveBslModulePathStripsFragment -- Time elapsed: 0.001 s
com.ditrix.edt.mcp.server.tools.impl.GetProjectErrorsToolTest.testObjectsUnsupportedWarningIsSeparateFromNotFoundAndCarriesTheReason -- Time elapsed: 0 s
com.ditrix.edt.mcp.server.tools.impl.GetProjectErrorsToolTest.testTextsDeclareBothObjectFiltersAndWhichOneReportsMisses -- Time elapsed: 0 s
com.ditrix.edt.mcp.server.tools.impl.GetProjectErrorsToolTest.testUnresolvedPlaceholderWithProject -- Time elapsed: 0 s
com.ditrix.edt.mcp.server.tools.impl.GetProjectErrorsToolTest.testTheSameAddressKeepsEveryProjectsOwnStoredSpelling -- Time elapsed: 0 s
com.ditrix.edt.mcp.server.tools.impl.GetProjectErrorsToolTest.testObjectsNotFoundWarningNamesEveryMissingFqnAndTheFix -- Time elapsed: 0 s
com.ditrix.edt.mcp.server.tools.impl.GetProjectErrorsToolTest.testInvalidSeverityRejected -- Time elapsed: 0.001 s
com.ditrix.edt.mcp.server.tools.impl.GetProjectErrorsToolTest.testAddressPayloadEmitsEveryVerdictListEvenWhenEmpty -- Time elapsed: 0 s
com.ditrix.edt.mcp.server.tools.impl.GetProjectErrorsToolTest.testAResolvedCommandActionIsScopedByBothActionSpellings -- Time elapsed: 0 s
com.ditrix.edt.mcp.server.tools.impl.GetProjectErrorsToolTest.testAPredefinedItemIsScopedByItsStoredNameNotTheRequestedYoSpelling -- Time elapsed: 0 s
com.ditrix.edt.mcp.server.tools.impl.GetProjectErrorsToolTest.testAMemberAddressIsScopedByTheNodeEdtReportsItsProblemsOn -- Time elapsed: 0 s
com.ditrix.edt.mcp.server.tools.impl.GetProjectErrorsToolTest.testResolveBslModulePathNullForNullOrEmpty -- Time elapsed: 0 s
com.ditrix.edt.mcp.server.tools.impl.GetProjectErrorsToolTest.testResolveSymbolicCheckIdEmptyShortUid -- Time elapsed: 0 s
com.ditrix.edt.mcp.server.tools.impl.GetProjectErrorsToolTest.testResolvedMarkerNoCountersIncremented -- Time elapsed: 0.001 s
com.ditrix.edt.mcp.server.tools.impl.GetProjectErrorsToolTest.testPopulateModuleLocationNullExtraInfo -- Time elapsed: 0 s
com.ditrix.edt.mcp.server.tools.impl.GetProjectErrorsToolTest.testPopulateModuleLocationNonBslUriLeavesBothNull -- Time elapsed: 0.001 s
com.ditrix.edt.mcp.server.tools.impl.GetProjectErrorsToolTest.testAnImpossibleAddressIsNeverOfferedToAnyProject -- Time elapsed: 0.001 s
com.ditrix.edt.mcp.server.tools.impl.GetProjectErrorsToolTest.testAResolvedMemberCarriesTheOwnerInItsScanScope -- Time elapsed: 0.001 s
com.ditrix.edt.mcp.server.tools.impl.GetProjectErrorsToolTest.testKindsThatAreLegalOnlyDeeperAreNotValidFirstSteps -- Time elapsed: 0 s
com.ditrix.edt.mcp.server.tools.impl.GetProjectErrorsToolTest.testObjectsFilterUnresolvedCountedAsFilteredOut -- Time elapsed: 0 s
com.ditrix.edt.mcp.server.tools.impl.GetProjectErrorsToolTest.testImpossibleAddressesAnswerEvenWhenNoProjectCouldBeInspected -- Time elapsed: 0 s
com.ditrix.edt.mcp.server.tools.impl.GetProjectErrorsToolTest.testEveryOwnerAPredefinedAddressCanMeanIsScoped -- Time elapsed: 0.001 s
com.ditrix.edt.mcp.server.tools.impl.GetProjectErrorsToolTest.testAFormMemberWhoseContentModelCannotBeReadStaysUndecided -- Time elapsed: 0.001 s
com.ditrix.edt.mcp.server.tools.impl.GetProjectErrorsToolTest.testAProjectOutsideTheResolvedScopeContributesNoMarker -- Time elapsed: 0 s
com.ditrix.edt.mcp.server.tools.impl.GetProjectErrorsToolTest.testSeverityFilterExcludes -- Time elapsed: 0 s
com.ditrix.edt.mcp.server.tools.impl.GetProjectErrorsToolTest.testTheYoRetryIsPerSegmentSoAMixedAddressStillResolves -- Time elapsed: 0 s
com.ditrix.edt.mcp.server.tools.impl.GetProjectErrorsToolTest.testCheckIdFilterMatchesShortUid -- Time elapsed: 0.001 s
com.ditrix.edt.mcp.server.tools.impl.GetProjectErrorsToolTest.testTheYoEnumerationIsGatedByShapeBeforeAnyProbeIsBuilt -- Time elapsed: 0 s
com.ditrix.edt.mcp.server.tools.impl.GetProjectErrorsToolTest.testPopulateModuleLocationSetsPathAndLine -- Time elapsed: 0 s
com.ditrix.edt.mcp.server.tools.impl.GetProjectErrorsToolTest.testUnresolvedPlaceholderNullProject -- Time elapsed: 0 s
com.ditrix.edt.mcp.server.tools.impl.GetProjectErrorsToolTest.testCheckIdMatchesExactRejectsSubstring -- Time elapsed: 0 s
com.ditrix.edt.mcp.server.tools.impl.GetProjectErrorsToolTest.testAmbiguousYoAddressScopesEveryNodeItCouldMean -- Time elapsed: 0.001 s
com.ditrix.edt.mcp.server.tools.impl.GetProjectErrorsToolTest.testAnExistingAttributeColumnIsNotReportedUnresolved -- Time elapsed: 0 s
com.ditrix.edt.mcp.server.tools.impl.GetProjectErrorsToolTest.testHasQuickFixFalseWhenFixRepositoryIsNull -- Time elapsed: 0.001 s
com.ditrix.edt.mcp.server.tools.impl.GetProjectErrorsToolTest.testGuideExplainsResponseFormat -- Time elapsed: 0 s
com.ditrix.edt.mcp.server.tools.impl.GetProjectErrorsToolTest.testObjectsNotFoundWarningAbsentWhenNothingIsMissing -- Time elapsed: 0 s
com.ditrix.edt.mcp.server.tools.impl.GetProjectErrorsToolTest.testADeadEndTypedParentDoesNotBlockTheYoTwinOfThatParent -- Time elapsed: 0 s
com.ditrix.edt.mcp.server.tools.impl.GetProjectErrorsToolTest.testBuildIfMatchesLeavesLocatorNullForMetadataMarker -- Time elapsed: 0 s
com.ditrix.edt.mcp.server.tools.impl.GetProjectErrorsToolTest.testNoErrorsBannerNamesTheFilterThatWasActuallyUsed -- Time elapsed: 0 s
com.ditrix.edt.mcp.server.tools.impl.GetProjectErrorsToolTest.testObjectsFilterNoMatch -- Time elapsed: 0 s
com.ditrix.edt.mcp.server.tools.impl.GetProjectErrorsToolTest.testCheckIdMatchesExactNoMatch -- Time elapsed: 0 s
com.ditrix.edt.mcp.server.tools.impl.GetProjectErrorsToolTest.testCheckIdMatchesNoMatch -- Time elapsed: 0 s
com.ditrix.edt.mcp.server.tools.impl.GetProjectErrorsToolTest.testResolveBslModulePathNullWhenNoSrcSegment -- Time elapsed: 0 s
com.ditrix.edt.mcp.server.tools.impl.GetProjectErrorsToolTest.testHasQuickFixFalseWhenFixRepositoryThrows -- Time elapsed: 0.004 s
com.ditrix.edt.mcp.server.tools.impl.GetProjectErrorsToolTest.testCheckIdMatchesExactBothNull -- Time elapsed: 0 s
com.ditrix.edt.mcp.server.tools.impl.GetProjectErrorsToolTest.testHasQuickFixFalseWhenCheckHasNoRegisteredFix -- Time elapsed: 0 s
com.ditrix.edt.mcp.server.tools.impl.GetProjectErrorsToolTest.testAnUnreadableEdtProjectIsUndecidedWhileANonEdtOneIsSkipped -- Time elapsed: 0.004 s
com.ditrix.edt.mcp.server.tools.impl.GetProjectErrorsToolTest.testBuildIfMatchesPopulatesLocatorForBslMarker -- Time elapsed: 0 s
com.ditrix.edt.mcp.server.tools.impl.GetProjectErrorsToolTest.testCheckIdMatchesBothNull -- Time elapsed: 0 s
com.ditrix.edt.mcp.server.tools.impl.GetProjectErrorsToolTest.testAMalformedAddressResolvesToNothingInsteadOfANeighbouringNode -- Time elapsed: 0.001 s
com.ditrix.edt.mcp.server.tools.impl.GetProjectErrorsToolTest.testADeepSubsystemChainResolvesWithYoMixedPerLevel -- Time elapsed: 0 s
com.ditrix.edt.mcp.server.tools.impl.GetProjectErrorsToolTest.testEveryModelIndependentVerdictIsReachedWithoutAModel -- Time elapsed: 0 s
com.ditrix.edt.mcp.server.tools.impl.GetProjectErrorsToolTest.testAnExternalObjectsProjectIsAbsentNotUndecided -- Time elapsed: 0 s
com.ditrix.edt.mcp.server.tools.impl.GetProjectErrorsToolTest.testAnExactScopeCallDoesNotGetTheFragmentParity -- Time elapsed: 0.001 s
com.ditrix.edt.mcp.server.tools.impl.GetProjectErrorsToolTest.testCheckIdMatchesCaseInsensitive -- Time elapsed: 0 s
com.ditrix.edt.mcp.server.tools.impl.GetProjectErrorsToolTest.testAnAddressNoProjectCouldDecideRefusesInsteadOfBeingCalledMissing -- Time elapsed: 0 s
com.ditrix.edt.mcp.server.tools.impl.GetProjectErrorsToolTest.testHasQuickFixTrueWhenCheckHasARegisteredFix -- Time elapsed: 0.001 s
com.ditrix.edt.mcp.server.tools.impl.GetProjectErrorsToolTest.testRepeatedAddressesCostOneFormReadEachNotOnePerEntry -- Time elapsed: 0.002 s
com.ditrix.edt.mcp.server.tools.impl.GetProjectErrorsToolTest.testOnlyTheExactFilterSwitchesTheResponseToJson -- Time elapsed: 0 s
com.ditrix.edt.mcp.server.tools.impl.GetProjectErrorsToolTest.testNoObjectsFilterUnresolvedCountedAsShown -- Time elapsed: 0 s
com.ditrix.edt.mcp.server.tools.impl.GetProjectErrorsToolTest.testResolveBslModulePathNullWhenNotBsl -- Time elapsed: 0 s
com.ditrix.edt.mcp.server.tools.impl.GetProjectErrorsToolTest.testCheckIdMatchesBySymbolicId -- Time elapsed: 0 s
com.ditrix.edt.mcp.server.tools.impl.GetProjectErrorsToolTest.testSchemaDeclaresResponseFormatEnum -- Time elapsed: 0 s
com.ditrix.edt.mcp.server.tools.impl.GetProjectErrorsToolTest.testOwningOneSpellingDoesNotEraseAnUndecidedOther -- Time elapsed: 0 s
com.ditrix.edt.mcp.server.tools.impl.GetProjectErrorsToolTest.testPopulateModuleLocationPathWithoutLine -- Time elapsed: 0 s
com.ditrix.edt.mcp.server.tools.impl.GetProjectErrorsToolTest.testPopulateModuleLocationDropsNonPositiveLine -- Time elapsed: 0 s
com.ditrix.edt.mcp.server.tools.impl.GetProjectErrorsToolTest.testCheckIdMatchesExactByShortUid -- Time elapsed: 0 s
com.ditrix.edt.mcp.server.tools.impl.GetProjectErrorsToolTest.testYoSpellingResolvesToTheStoredNameAndScopesTheScanWithIt -- Time elapsed: 0 s
com.ditrix.edt.mcp.server.tools.impl.GetProjectErrorsToolTest.testSupportedAddressFamiliesAreNotClassifiedUnsupported -- Time elapsed: 0 s
com.ditrix.edt.mcp.server.tools.impl.GetProjectErrorsToolTest.testAFailedResolvePassDoesNotCountAsAnInspection -- Time elapsed: 0.001 s
com.ditrix.edt.mcp.server.tools.impl.GetProjectErrorsToolTest.testObjectsFilterResolvedButEmptyPresentationExcludedWithoutCounter -- Time elapsed: 0 s
com.ditrix.edt.mcp.server.tools.impl.GetProjectErrorsToolTest.testAnAddressThatResolvesAsTypedIsNotWidenedToItsYoSibling -- Time elapsed: 0 s
com.ditrix.edt.mcp.server.tools.impl.GetProjectErrorsToolTest.testTheOwnerQuestionIsAboutCONTAINMENT -- Time elapsed: 0 s
com.ditrix.edt.mcp.server.tools.impl.GetProjectErrorsToolTest.testAnAddressFoundInOneProjectStillReportsThatAnotherCouldNotBeConsulted -- Time elapsed: 0 s
com.ditrix.edt.mcp.server.tools.impl.GetProjectErrorsToolTest.testAddressPayloadCarriesEveryVerdictListAndTheReport -- Time elapsed: 0 s
com.ditrix.edt.mcp.server.tools.impl.GetProjectErrorsToolTest.testResolveBslModulePathNullForGarbage -- Time elapsed: 0 s
com.ditrix.edt.mcp.server.tools.impl.GetProjectErrorsToolTest.testAnImpossibleAddressStaysMissingEvenBesideAnUnreadableProject -- Time elapsed: 0.001 s
com.ditrix.edt.mcp.server.tools.impl.GetProjectErrorsToolTest.testResolveBslModulePathFromPlatformUri -- Time elapsed: 0 s
com.ditrix.edt.mcp.server.tools.impl.GetProjectErrorsToolTest.testTheAssembledReportReallyCarriesEveryCaveat -- Time elapsed: 0 s
com.ditrix.edt.mcp.server.tools.impl.GetProjectErrorsToolTest.testObjectsUnsupportedWarningAbsentWhenThereIsNone -- Time elapsed: 0 s
com.ditrix.edt.mcp.server.tools.impl.GetProjectErrorsToolTest.testAnItemWithNoAddressableKindDoesNotAnswerToAForeignKind -- Time elapsed: 0 s
com.ditrix.edt.mcp.server.tools.impl.GetProjectErrorsToolTest.testNoInspectableProjectRefusesInsteadOfDeclaringEverythingMissing -- Time elapsed: 0 s
com.ditrix.edt.mcp.server.tools.impl.GetProjectErrorsToolTest.testAClosedProjectIsUndecidedRatherThanSilentlyDroppedFromTheVerdict -- Time elapsed: 0 s
com.ditrix.edt.mcp.server.tools.impl.GetProjectErrorsToolTest.testHasQuickFixFalseWhenCheckUidCannotBeResolved -- Time elapsed: 0 s
com.ditrix.edt.mcp.server.tools.impl.GetProjectErrorsToolTest.testCheckIdMatchesByShortUid -- Time elapsed: 0 s
com.ditrix.edt.mcp.server.tools.impl.GetProjectErrorsToolTest.testCheckIdMatchesExactBySymbolicId -- Time elapsed: 0 s
com.ditrix.edt.mcp.server.tools.impl.GetProjectErrorsToolTest.testTheDeferredPathHonoursExactFirstAndNeverMasksAnUndecidedExactProbe -- Time elapsed: 0.001 s
com.ditrix.edt.mcp.server.tools.impl.GetProjectErrorsToolTest.testXdtoMemberShapesAreUnsupportedNotMissing -- Time elapsed: 0 s
com.ditrix.edt.mcp.server.tools.impl.GetProjectErrorsToolTest.testACompletedResolvePassCountsAsAnInspection -- Time elapsed: 0 s
com.ditrix.edt.mcp.server.tools.impl.GetProjectErrorsToolTest.testEachProjectScopesTheScanByItsOwnSpellingOnly -- Time elapsed: 0 s
com.ditrix.edt.mcp.server.tools.impl.GetProjectErrorsToolTest.testResolveSymbolicCheckIdSuccess -- Time elapsed: 0 s
com.ditrix.edt.mcp.server.tools.impl.GetProjectErrorsToolTest.testEveryRealSubsystemChainTheAddressCanMeanScopesTheScan -- Time elapsed: 0 s
com.ditrix.edt.mcp.server.tools.impl.GetProjectErrorsToolTest.testObjectsAndObjectFqnsAreMutuallyExclusive -- Time elapsed: 0 s
com.ditrix.edt.mcp.server.tools.impl.GetProjectErrorsToolTest.testResolveBslModulePathNullWhenNotPlatformResource -- Time elapsed: 0 s
com.ditrix.edt.mcp.server.tools.impl.GetProjectErrorsToolTest.testSeverityEnumMatchesMarkerSeverityValues -- Time elapsed: 0 s
com.ditrix.edt.mcp.server.tools.impl.GetProjectErrorsToolTest.testCheckIdMatchesExactCaseInsensitive -- Time elapsed: 0 s
com.ditrix.edt.mcp.server.tools.impl.GetProjectErrorsToolTest.testAResolvedHandlerIsScopedByTheEventSpellingsTheModelCarries -- Time elapsed: 0.002 s
com.ditrix.edt.mcp.server.tools.impl.GetProjectErrorsToolTest.testResolveSymbolicCheckIdNullProject -- Time elapsed: 0 s
com.ditrix.edt.mcp.server.tools.impl.GetProjectErrorsToolTest.testCheckIdFilterExcludes -- Time elapsed: 0 s
com.ditrix.edt.mcp.server.tools.impl.GetProjectErrorsToolTest.testUnsupportedAddressesAreClassifiedWithoutTouchingTheModel -- Time elapsed: 0 s
com.ditrix.edt.mcp.server.tools.impl.GetProjectErrorsToolTest.testObjectsFilterMatchesSubstring -- Time elapsed: 0 s
