-------------------------------------------------------------------------------
Test set: com.ditrix.edt.mcp.server.tools.impl.DebugLaunchToolTest
-------------------------------------------------------------------------------
Tests run: 56, Failures: 0, Errors: 0, Skipped: 0, Time elapsed: 0.261 s -- in com.ditrix.edt.mcp.server.tools.impl.DebugLaunchToolTest
com.ditrix.edt.mcp.server.tools.impl.DebugLaunchToolTest.testRunLaunchJobBodyRuntimeExceptionReturnsErrorStatusNotThrown -- Time elapsed: 0.018 s
com.ditrix.edt.mcp.server.tools.impl.DebugLaunchToolTest.testEmptyProjectNameIsRequiredError -- Time elapsed: 0.001 s
com.ditrix.edt.mcp.server.tools.impl.DebugLaunchToolTest.testSchemaDeclaresTheLaunchOverrides -- Time elapsed: 0 s
com.ditrix.edt.mcp.server.tools.impl.DebugLaunchToolTest.testBuildAlreadyRunningAlwaysCarriesCoreFieldsAndNoLaunchingStatus -- Time elapsed: 0.001 s
com.ditrix.edt.mcp.server.tools.impl.DebugLaunchToolTest.testDescriptionNotEmpty -- Time elapsed: 0 s
com.ditrix.edt.mcp.server.tools.impl.DebugLaunchToolTest.testGuideDocumentsRestartIfRunningAndTargetManagerGuard -- Time elapsed: 0 s
com.ditrix.edt.mcp.server.tools.impl.DebugLaunchToolTest.testPreLaunchUpdateStepServerApplicationSkipsProgrammaticUpdate -- Time elapsed: 0.001 s
com.ditrix.edt.mcp.server.tools.impl.DebugLaunchToolTest.testHandleExistingClientSessionRestartTrueTerminatesRunModeLaunchAndProceeds -- Time elapsed: 0.109 s
com.ditrix.edt.mcp.server.tools.impl.DebugLaunchToolTest.testGuideDocumentsRestartIfRunningNeverTerminatesServer -- Time elapsed: 0 s
com.ditrix.edt.mcp.server.tools.impl.DebugLaunchToolTest.testPerformLaunchHeadlessWithUpdateConfirmExecutesSynchronously -- Time elapsed: 0.001 s
com.ditrix.edt.mcp.server.tools.impl.DebugLaunchToolTest.testHandleExistingClientSessionRestartFalseRunModeReportsRunMode -- Time elapsed: 0 s
com.ditrix.edt.mcp.server.tools.impl.DebugLaunchToolTest.testExtractRestartIfRunningAlternateTruthyTokensAreTrue -- Time elapsed: 0 s
com.ditrix.edt.mcp.server.tools.impl.DebugLaunchToolTest.testHandleExistingClientSessionRestartTrueTerminatesClientTargetAndProceeds -- Time elapsed: 0.125 s
com.ditrix.edt.mcp.server.tools.impl.DebugLaunchToolTest.testGuideDocuments1003ConfirmerIndependentOfUpdateBeforeLaunch -- Time elapsed: 0 s
com.ditrix.edt.mcp.server.tools.impl.DebugLaunchToolTest.testAlreadyRunningContextEmitsSuppliedIdentityFields -- Time elapsed: 0 s
com.ditrix.edt.mcp.server.tools.impl.DebugLaunchToolTest.testMissingApplicationIdErrorSteersToGetApplications -- Time elapsed: 0 s
com.ditrix.edt.mcp.server.tools.impl.DebugLaunchToolTest.testName -- Time elapsed: 0 s
com.ditrix.edt.mcp.server.tools.impl.DebugLaunchToolTest.testGuideDocumentsRestartIfRunningTerminateAndRelaunch -- Time elapsed: 0 s
com.ditrix.edt.mcp.server.tools.impl.DebugLaunchToolTest.testGuideDocumentsBackgroundJobLaunch -- Time elapsed: 0 s
com.ditrix.edt.mcp.server.tools.impl.DebugLaunchToolTest.testSchemaDeclaresRestartIfRunning -- Time elapsed: 0 s
com.ditrix.edt.mcp.server.tools.impl.DebugLaunchToolTest.testGuideDocuments1003KeepExistingButton -- Time elapsed: 0 s
com.ditrix.edt.mcp.server.tools.impl.DebugLaunchToolTest.testGuideDescribesAsyncLaunch -- Time elapsed: 0 s
com.ditrix.edt.mcp.server.tools.impl.DebugLaunchToolTest.testRunLaunchJobBodyCoreExceptionReturnsItsStatusNotThrown -- Time elapsed: 0.001 s
com.ditrix.edt.mcp.server.tools.impl.DebugLaunchToolTest.testGuideDocumentsTheExternalObjectLaunch -- Time elapsed: 0 s
com.ditrix.edt.mcp.server.tools.impl.DebugLaunchToolTest.testGuideDocumentsClientOnlyAlreadyRunningDetect -- Time elapsed: 0 s
com.ditrix.edt.mcp.server.tools.impl.DebugLaunchToolTest.testExtractRestartIfRunningExplicitFalseTokensAreFalse -- Time elapsed: 0 s
com.ditrix.edt.mcp.server.tools.impl.DebugLaunchToolTest.testLaunchingContractIsCoherentAcrossMetadata -- Time elapsed: 0 s
com.ditrix.edt.mcp.server.tools.impl.DebugLaunchToolTest.testAlreadyRunningContextOmitsUnsetOptionalFields -- Time elapsed: 0 s
com.ditrix.edt.mcp.server.tools.impl.DebugLaunchToolTest.testResponseTypeJson -- Time elapsed: 0 s
com.ditrix.edt.mcp.server.tools.impl.DebugLaunchToolTest.testPreLaunchUpdateStepNonServerApplicationStillUpdates -- Time elapsed: 0.002 s
com.ditrix.edt.mcp.server.tools.impl.DebugLaunchToolTest.testGuideDocumentsTypeAwareClientDiscriminator -- Time elapsed: 0 s
com.ditrix.edt.mcp.server.tools.impl.DebugLaunchToolTest.testUpdateBeforeLaunchFalseContractIsCoherent -- Time elapsed: 0 s
com.ditrix.edt.mcp.server.tools.impl.DebugLaunchToolTest.testBuildAlreadyRunningOmitsEmptyStringOptionalFields -- Time elapsed: 0 s
com.ditrix.edt.mcp.server.tools.impl.DebugLaunchToolTest.testHandleExistingClientSessionRestartFalseReturnsAlreadyRunning -- Time elapsed: 0.001 s
com.ditrix.edt.mcp.server.tools.impl.DebugLaunchToolTest.testGuideDocumentsServerNeverBlocksOrRestarts -- Time elapsed: 0 s
com.ditrix.edt.mcp.server.tools.impl.DebugLaunchToolTest.testMissingApplicationId -- Time elapsed: 0 s
com.ditrix.edt.mcp.server.tools.impl.DebugLaunchToolTest.testOutputSchemaDeclaresLaunchingStatus -- Time elapsed: 0 s
com.ditrix.edt.mcp.server.tools.impl.DebugLaunchToolTest.testEarlyValidationErrorsAreSuccessFalseJson -- Time elapsed: 0 s
com.ditrix.edt.mcp.server.tools.impl.DebugLaunchToolTest.testRunLaunchJobBodySuccessReturnsOkAndPassesMonitor -- Time elapsed: 0 s
com.ditrix.edt.mcp.server.tools.impl.DebugLaunchToolTest.testRestartIfRunningDefaultsToFalse -- Time elapsed: 0 s
com.ditrix.edt.mcp.server.tools.impl.DebugLaunchToolTest.testConnectsToInfobaseIsTrue -- Time elapsed: 0 s
com.ditrix.edt.mcp.server.tools.impl.DebugLaunchToolTest.testGuideDocumentsSyntheticIdPreflightSkip -- Time elapsed: 0 s
com.ditrix.edt.mcp.server.tools.impl.DebugLaunchToolTest.testPreLaunchUpdateStepOptOutSkipsUpdateForServerAndNonServer -- Time elapsed: 0 s
com.ditrix.edt.mcp.server.tools.impl.DebugLaunchToolTest.testGuideDocumentsServerApplicationDeferredUpdate -- Time elapsed: 0 s
com.ditrix.edt.mcp.server.tools.impl.DebugLaunchToolTest.testGuideHasMigratedDetail -- Time elapsed: 0 s
com.ditrix.edt.mcp.server.tools.impl.DebugLaunchToolTest.testNameConstant -- Time elapsed: 0 s
com.ditrix.edt.mcp.server.tools.impl.DebugLaunchToolTest.testEmptyApplicationIdIsRequiredError -- Time elapsed: 0 s
com.ditrix.edt.mcp.server.tools.impl.DebugLaunchToolTest.testGuideDocumentsRunModeAlreadyRunningGuard -- Time elapsed: 0 s
com.ditrix.edt.mcp.server.tools.impl.DebugLaunchToolTest.testBuildAlreadyRunningOmitsNullAndEmptyApplicationId -- Time elapsed: 0 s
com.ditrix.edt.mcp.server.tools.impl.DebugLaunchToolTest.testExtractRestartIfRunningEmptyAndGarbageFallBackToDefault -- Time elapsed: 0 s
com.ditrix.edt.mcp.server.tools.impl.DebugLaunchToolTest.testPerformLaunchHeadlessSurfacesLaunchError -- Time elapsed: 0.001 s
com.ditrix.edt.mcp.server.tools.impl.DebugLaunchToolTest.testPerformLaunchHeadlessExecutesSynchronously -- Time elapsed: 0 s
com.ditrix.edt.mcp.server.tools.impl.DebugLaunchToolTest.testEmptyLaunchConfigurationNameFallsThroughToProjectMode -- Time elapsed: 0 s
com.ditrix.edt.mcp.server.tools.impl.DebugLaunchToolTest.testMissingProjectNameErrorSteersToLaunchConfigurationName -- Time elapsed: 0 s
com.ditrix.edt.mcp.server.tools.impl.DebugLaunchToolTest.testMissingProjectName -- Time elapsed: 0 s
com.ditrix.edt.mcp.server.tools.impl.DebugLaunchToolTest.testSchemaDeclaresParameters -- Time elapsed: 0 s
