-------------------------------------------------------------------------------
Test set: com.ditrix.edt.mcp.server.tools.impl.BslSyntaxCheckerTest
-------------------------------------------------------------------------------
Tests run: 90, Failures: 0, Errors: 0, Skipped: 0, Time elapsed: 0.010 s -- in com.ditrix.edt.mcp.server.tools.impl.BslSyntaxCheckerTest
com.ditrix.edt.mcp.server.tools.impl.BslSyntaxCheckerTest.testElsIfNotCountedAsNewIf -- Time elapsed: 0.003 s
com.ditrix.edt.mcp.server.tools.impl.BslSyntaxCheckerTest.testPreprocessorConditionalIsNotCounted -- Time elapsed: 0 s
com.ditrix.edt.mcp.server.tools.impl.BslSyntaxCheckerTest.testSingleLineTryRussian -- Time elapsed: 0 s
com.ditrix.edt.mcp.server.tools.impl.BslSyntaxCheckerTest.testUnclosedProcedure -- Time elapsed: 0 s
com.ditrix.edt.mcp.server.tools.impl.BslSyntaxCheckerTest.testUnexpectedEndDoOnEmptyStack -- Time elapsed: 0 s
com.ditrix.edt.mcp.server.tools.impl.BslSyntaxCheckerTest.testOnlyComments -- Time elapsed: 0 s
com.ditrix.edt.mcp.server.tools.impl.BslSyntaxCheckerTest.testKeywordInsideIdentifierIsNotABlock -- Time elapsed: 0 s
com.ditrix.edt.mcp.server.tools.impl.BslSyntaxCheckerTest.testInlineCommentIgnored -- Time elapsed: 0 s
com.ditrix.edt.mcp.server.tools.impl.BslSyntaxCheckerTest.testCaseInsensitiveRussian -- Time elapsed: 0 s
com.ditrix.edt.mcp.server.tools.impl.BslSyntaxCheckerTest.testMultipleProcedures -- Time elapsed: 0 s
com.ditrix.edt.mcp.server.tools.impl.BslSyntaxCheckerTest.testEmptyInput -- Time elapsed: 0 s
com.ditrix.edt.mcp.server.tools.impl.BslSyntaxCheckerTest.testUnexpectedEndIfOnEmptyStack -- Time elapsed: 0 s
com.ditrix.edt.mcp.server.tools.impl.BslSyntaxCheckerTest.testAsyncProcedureWithAwaitInBody -- Time elapsed: 0 s
com.ditrix.edt.mcp.server.tools.impl.BslSyntaxCheckerTest.testPreprocessorDirectiveClearsADanglingDot -- Time elapsed: 0.002 s
com.ditrix.edt.mcp.server.tools.impl.BslSyntaxCheckerTest.testRussianElsIfNotCountedAsNewIf -- Time elapsed: 0 s
com.ditrix.edt.mcp.server.tools.impl.BslSyntaxCheckerTest.testTryCatch -- Time elapsed: 0 s
com.ditrix.edt.mcp.server.tools.impl.BslSyntaxCheckerTest.testSingleLineForLoopEnglish -- Time elapsed: 0 s
com.ditrix.edt.mcp.server.tools.impl.BslSyntaxCheckerTest.testManySingleLineIfsDoNotAccumulate -- Time elapsed: 0 s
com.ditrix.edt.mcp.server.tools.impl.BslSyntaxCheckerTest.testSingleLineIfDoesNotHideARealImbalance -- Time elapsed: 0 s
com.ditrix.edt.mcp.server.tools.impl.BslSyntaxCheckerTest.testNestedSingleLineIfOnOneLine -- Time elapsed: 0 s
com.ditrix.edt.mcp.server.tools.impl.BslSyntaxCheckerTest.testDoubledQuoteInsideStringIsEscapedNotClosing -- Time elapsed: 0 s
com.ditrix.edt.mcp.server.tools.impl.BslSyntaxCheckerTest.testImbalanceInsideASingleBranchIsStillCaught -- Time elapsed: 0 s
com.ditrix.edt.mcp.server.tools.impl.BslSyntaxCheckerTest.testWhileLoop -- Time elapsed: 0 s
com.ditrix.edt.mcp.server.tools.impl.BslSyntaxCheckerTest.testCommentLinesAreSkipped -- Time elapsed: 0 s
com.ditrix.edt.mcp.server.tools.impl.BslSyntaxCheckerTest.testUnclosedTry -- Time elapsed: 0 s
com.ditrix.edt.mcp.server.tools.impl.BslSyntaxCheckerTest.testForLoop -- Time elapsed: 0 s
com.ditrix.edt.mcp.server.tools.impl.BslSyntaxCheckerTest.testSingleLineIfRussianReportedRepro -- Time elapsed: 0.001 s
com.ditrix.edt.mcp.server.tools.impl.BslSyntaxCheckerTest.testSingleLineIfWithElseRussian -- Time elapsed: 0 s
com.ditrix.edt.mcp.server.tools.impl.BslSyntaxCheckerTest.testRegionAndExtensionDirectivesAreNotCounted -- Time elapsed: 0 s
com.ditrix.edt.mcp.server.tools.impl.BslSyntaxCheckerTest.testCodeWithoutBlocks -- Time elapsed: 0 s
com.ditrix.edt.mcp.server.tools.impl.BslSyntaxCheckerTest.testCaseInsensitiveEnglish -- Time elapsed: 0 s
com.ditrix.edt.mcp.server.tools.impl.BslSyntaxCheckerTest.testMultipleErrors -- Time elapsed: 0 s
com.ditrix.edt.mcp.server.tools.impl.BslSyntaxCheckerTest.testForEachLoop -- Time elapsed: 0 s
com.ditrix.edt.mcp.server.tools.impl.BslSyntaxCheckerTest.testSingleLineForEachLoopRussian -- Time elapsed: 0 s
com.ditrix.edt.mcp.server.tools.impl.BslSyntaxCheckerTest.testLoneOpenerInsideAStringLiteralIsStillMasked -- Time elapsed: 0 s
com.ditrix.edt.mcp.server.tools.impl.BslSyntaxCheckerTest.testSimpleFunctionRussian -- Time elapsed: 0 s
com.ditrix.edt.mcp.server.tools.impl.BslSyntaxCheckerTest.testPreprocessorEndIfCannotCloseARealIf -- Time elapsed: 0 s
com.ditrix.edt.mcp.server.tools.impl.BslSyntaxCheckerTest.testMissingEndIfOnASingleLineBlockIsStillCaught -- Time elapsed: 0 s
com.ditrix.edt.mcp.server.tools.impl.BslSyntaxCheckerTest.testUnclosedWhile -- Time elapsed: 0 s
com.ditrix.edt.mcp.server.tools.impl.BslSyntaxCheckerTest.testSingleLineWhileLoopRussian -- Time elapsed: 0 s
com.ditrix.edt.mcp.server.tools.impl.BslSyntaxCheckerTest.testAsyncProcedureWithClientAnnotation -- Time elapsed: 0 s
com.ditrix.edt.mcp.server.tools.impl.BslSyntaxCheckerTest.testDialectsMayBeMixedOnOneLine -- Time elapsed: 0 s
com.ditrix.edt.mcp.server.tools.impl.BslSyntaxCheckerTest.testMemberNameCannotCloseARealBlock -- Time elapsed: 0 s
com.ditrix.edt.mcp.server.tools.impl.BslSyntaxCheckerTest.testMultilineStringContinuation -- Time elapsed: 0 s
com.ditrix.edt.mcp.server.tools.impl.BslSyntaxCheckerTest.testClosingAndOpeningKeywordOnSameLine -- Time elapsed: 0 s
com.ditrix.edt.mcp.server.tools.impl.BslSyntaxCheckerTest.testMemberAccessSplitAcrossLinesIsNotABlock -- Time elapsed: 0 s
com.ditrix.edt.mcp.server.tools.impl.BslSyntaxCheckerTest.testUnclosedAsyncProcedureStillInvalid -- Time elapsed: 0 s
com.ditrix.edt.mcp.server.tools.impl.BslSyntaxCheckerTest.testMultilineQueryTextWithPipeLines -- Time elapsed: 0 s
com.ditrix.edt.mcp.server.tools.impl.BslSyntaxCheckerTest.testAsyncProcedureRussian -- Time elapsed: 0 s
com.ditrix.edt.mcp.server.tools.impl.BslSyntaxCheckerTest.testDoubleQuoteInsideSingleQuoteDateLiteralDoesNotOpenAString -- Time elapsed: 0 s
com.ditrix.edt.mcp.server.tools.impl.BslSyntaxCheckerTest.testWhileLoopRussian -- Time elapsed: 0 s
com.ditrix.edt.mcp.server.tools.impl.BslSyntaxCheckerTest.testSingleLineIfEnglish -- Time elapsed: 0 s
com.ditrix.edt.mcp.server.tools.impl.BslSyntaxCheckerTest.testIfElsIfElseEndIf -- Time elapsed: 0 s
com.ditrix.edt.mcp.server.tools.impl.BslSyntaxCheckerTest.testPreprocessorConditionalWrappingAWholeProcedure -- Time elapsed: 0 s
com.ditrix.edt.mcp.server.tools.impl.BslSyntaxCheckerTest.testSpacedMemberAccessNamedLikeAKeywordIsNotABlock -- Time elapsed: 0 s
com.ditrix.edt.mcp.server.tools.impl.BslSyntaxCheckerTest.testMismatchedFunctionEndProcedure -- Time elapsed: 0 s
com.ditrix.edt.mcp.server.tools.impl.BslSyntaxCheckerTest.testDoubleSlashInsideMultilineStringIsNotTreatedAsComment -- Time elapsed: 0 s
com.ditrix.edt.mcp.server.tools.impl.BslSyntaxCheckerTest.testForEachLoopRussian -- Time elapsed: 0.001 s
com.ditrix.edt.mcp.server.tools.impl.BslSyntaxCheckerTest.testSimpleFunctionEnglish -- Time elapsed: 0 s
com.ditrix.edt.mcp.server.tools.impl.BslSyntaxCheckerTest.testComplexModule -- Time elapsed: 0 s
com.ditrix.edt.mcp.server.tools.impl.BslSyntaxCheckerTest.testNestedPreprocessorConditionals -- Time elapsed: 0 s
com.ditrix.edt.mcp.server.tools.impl.BslSyntaxCheckerTest.testElseIfVariant -- Time elapsed: 0 s
com.ditrix.edt.mcp.server.tools.impl.BslSyntaxCheckerTest.testLoneCloserInsideACommentIsStillMasked -- Time elapsed: 0 s
com.ditrix.edt.mcp.server.tools.impl.BslSyntaxCheckerTest.testPreprocessorBranchesAtModuleLevelCarryWholeMethods -- Time elapsed: 0 s
com.ditrix.edt.mcp.server.tools.impl.BslSyntaxCheckerTest.testAsyncFunctionRussian -- Time elapsed: 0 s
com.ditrix.edt.mcp.server.tools.impl.BslSyntaxCheckerTest.testSimpleProcedureRussian -- Time elapsed: 0 s
com.ditrix.edt.mcp.server.tools.impl.BslSyntaxCheckerTest.testMemberAccessNamedLikeAKeywordIsNotABlock -- Time elapsed: 0 s
com.ditrix.edt.mcp.server.tools.impl.BslSyntaxCheckerTest.testMismatchedProcedureEndFunction -- Time elapsed: 0 s
com.ditrix.edt.mcp.server.tools.impl.BslSyntaxCheckerTest.testAsyncProcedureEnglish -- Time elapsed: 0 s
com.ditrix.edt.mcp.server.tools.impl.BslSyntaxCheckerTest.testGenuinelyUnbalancedModuleWithMultilineStringStillInvalid -- Time elapsed: 0 s
com.ditrix.edt.mcp.server.tools.impl.BslSyntaxCheckerTest.testDotEndingACommentDoesNotDangle -- Time elapsed: 0 s
com.ditrix.edt.mcp.server.tools.impl.BslSyntaxCheckerTest.testUnclosedFunction -- Time elapsed: 0.001 s
com.ditrix.edt.mcp.server.tools.impl.BslSyntaxCheckerTest.testNestedBlocks -- Time elapsed: 0 s
com.ditrix.edt.mcp.server.tools.impl.BslSyntaxCheckerTest.testLeadingWhitespace -- Time elapsed: 0 s
com.ditrix.edt.mcp.server.tools.impl.BslSyntaxCheckerTest.testUnexpectedEndTryOnEmptyStack -- Time elapsed: 0 s
com.ditrix.edt.mcp.server.tools.impl.BslSyntaxCheckerTest.testUnclosedStringNotFollowedByContinuationDoesNotSwallowRealCode -- Time elapsed: 0 s
com.ditrix.edt.mcp.server.tools.impl.BslSyntaxCheckerTest.testMultilineStringWithCodeAfterClosingQuote -- Time elapsed: 0 s
com.ditrix.edt.mcp.server.tools.impl.BslSyntaxCheckerTest.testPreprocessorBranchesEachCarryingAWholeBlockAreAccepted -- Time elapsed: 0 s
com.ditrix.edt.mcp.server.tools.impl.BslSyntaxCheckerTest.testTryCatchRussian -- Time elapsed: 0 s
com.ditrix.edt.mcp.server.tools.impl.BslSyntaxCheckerTest.testMismatchedIfEndDo -- Time elapsed: 0 s
com.ditrix.edt.mcp.server.tools.impl.BslSyntaxCheckerTest.testEmptyLinesAreSkipped -- Time elapsed: 0 s
com.ditrix.edt.mcp.server.tools.impl.BslSyntaxCheckerTest.testUnexpectedEndProcedure -- Time elapsed: 0 s
com.ditrix.edt.mcp.server.tools.impl.BslSyntaxCheckerTest.testIfElsIfRussian -- Time elapsed: 0 s
com.ditrix.edt.mcp.server.tools.impl.BslSyntaxCheckerTest.testMultilineNStrLiteralInsideTryBlock -- Time elapsed: 0 s
com.ditrix.edt.mcp.server.tools.impl.BslSyntaxCheckerTest.testUnexpectedEndFunction -- Time elapsed: 0 s
com.ditrix.edt.mcp.server.tools.impl.BslSyntaxCheckerTest.testUnclosedIf -- Time elapsed: 0.001 s
com.ditrix.edt.mcp.server.tools.impl.BslSyntaxCheckerTest.testDanglingDotSurvivesABlankOrCommentLine -- Time elapsed: 0 s
com.ditrix.edt.mcp.server.tools.impl.BslSyntaxCheckerTest.testDanglingDotIsClearedAfterTheMemberLine -- Time elapsed: 0 s
com.ditrix.edt.mcp.server.tools.impl.BslSyntaxCheckerTest.testAsyncFunctionEnglish -- Time elapsed: 0 s
com.ditrix.edt.mcp.server.tools.impl.BslSyntaxCheckerTest.testSimpleProcedureEnglish -- Time elapsed: 0 s
