-------------------------------------------------------------------------------
Test set: com.ditrix.edt.mcp.server.utils.DcsSchemaWriterTest
-------------------------------------------------------------------------------
Tests run: 58, Failures: 0, Errors: 0, Skipped: 0, Time elapsed: 0.061 s -- in com.ditrix.edt.mcp.server.utils.DcsSchemaWriterTest
com.ditrix.edt.mcp.server.utils.DcsSchemaWriterTest.testExpressionParameterReferenceBlocksParameterRename -- Time elapsed: 0.010 s
com.ditrix.edt.mcp.server.utils.DcsSchemaWriterTest.testUnknownNestedMemberLeavesExistingModelUntouched -- Time elapsed: 0.002 s
com.ditrix.edt.mcp.server.utils.DcsSchemaWriterTest.testExactDataSetLinkCanBeUpdatedAndAuthoritativelyReplaced -- Time elapsed: 0.001 s
com.ditrix.edt.mcp.server.utils.DcsSchemaWriterTest.testDuplicateRegularFieldRenameIsAmbiguousAndLeavesHashUnchanged -- Time elapsed: 0.011 s
com.ditrix.edt.mcp.server.utils.DcsSchemaWriterTest.testExpressionFunctionNameDoesNotBlockFieldRename -- Time elapsed: 0.001 s
com.ditrix.edt.mcp.server.utils.DcsSchemaWriterTest.testExactExpressionFieldReplaceRequiresExpressionAndLeavesModelUnchanged -- Time elapsed: 0.003 s
com.ditrix.edt.mcp.server.utils.DcsSchemaWriterTest.testHierarchyReferencesValidateOnWriteAndGuardTargetMutations -- Time elapsed: 0.001 s
com.ditrix.edt.mcp.server.utils.DcsSchemaWriterTest.testUpdateRenameRefusesTakenSiblingAndLeavesHashUnchanged -- Time elapsed: 0 s
com.ditrix.edt.mcp.server.utils.DcsSchemaWriterTest.testLinkParameterBlocksRenameAndRemoveWithoutChangingHash -- Time elapsed: 0 s
com.ditrix.edt.mcp.server.utils.DcsSchemaWriterTest.testDataSetCollectionReplaceRefusesToStrandRetainedLink -- Time elapsed: 0.001 s
com.ditrix.edt.mcp.server.utils.DcsSchemaWriterTest.testNestedFieldAndFolderMustStayBelowParentWhileValidChildFlattens -- Time elapsed: 0.002 s
com.ditrix.edt.mcp.server.utils.DcsSchemaWriterTest.testSchemaUpsertCreatesAndRecursivelyUpsertsUnionItemsAndFields -- Time elapsed: 0.001 s
com.ditrix.edt.mcp.server.utils.DcsSchemaWriterTest.testRemovingFieldFolderRefusesReferencedDescendant -- Time elapsed: 0 s
com.ditrix.edt.mcp.server.utils.DcsSchemaWriterTest.testRemoveRefusesAmbiguousNaturalKeysAndUniqueRemoveDeletesOneNode -- Time elapsed: 0.001 s
com.ditrix.edt.mcp.server.utils.DcsSchemaWriterTest.testNonObjectFieldEntryIsRefusedWithoutChangingHash -- Time elapsed: 0 s
com.ditrix.edt.mcp.server.utils.DcsSchemaWriterTest.testSchemaReplaceRefusesDanglingLinkParameterWithoutChangingHash -- Time elapsed: 0.001 s
com.ditrix.edt.mcp.server.utils.DcsSchemaWriterTest.testPartialUpsertKeepsMissingObjectNameNull -- Time elapsed: 0 s
com.ditrix.edt.mcp.server.utils.DcsSchemaWriterTest.testFieldFolderRoundTripAndNestedFieldAddressIsWritable -- Time elapsed: 0.002 s
com.ditrix.edt.mcp.server.utils.DcsSchemaWriterTest.testTotalFieldCanBeAuthoredAndPartiallyUpdated -- Time elapsed: 0.003 s
com.ditrix.edt.mcp.server.utils.DcsSchemaWriterTest.testBilingualNamesAndSynonymStayDistinctAndCanonical -- Time elapsed: 0 s
com.ditrix.edt.mcp.server.utils.DcsSchemaWriterTest.testFieldCollectionReplaceRefusesOmittingReferencedField -- Time elapsed: 0.002 s
com.ditrix.edt.mcp.server.utils.DcsSchemaWriterTest.testDataSetRenameRefusesNameUsedByNestedUnionMember -- Time elapsed: 0.001 s
com.ditrix.edt.mcp.server.utils.DcsSchemaWriterTest.testSchemaReplaceAllowsIdentityReordering -- Time elapsed: 0.001 s
com.ditrix.edt.mcp.server.utils.DcsSchemaWriterTest.testNumericSelectorUsesNaturalKeyFirstThenIndexAndRefusesCollision -- Time elapsed: 0 s
com.ditrix.edt.mcp.server.utils.DcsSchemaWriterTest.testPartialCalculatedFieldUpdateAllowsAbsentExistingExpression -- Time elapsed: 0 s
com.ditrix.edt.mcp.server.utils.DcsSchemaWriterTest.testOtherIdentityCollectionReplacesRefuseOmittedReferences -- Time elapsed: 0.003 s
com.ditrix.edt.mcp.server.utils.DcsSchemaWriterTest.testUpsertCreatesThenUpdatesNaturalKeyWithoutDuplicate -- Time elapsed: 0 s
com.ditrix.edt.mcp.server.utils.DcsSchemaWriterTest.testTotalFieldExpressionBlocksFieldRemove -- Time elapsed: 0.001 s
com.ditrix.edt.mcp.server.utils.DcsSchemaWriterTest.testExactDataSetReplaceChangesSubtypeAndKeepsLinkIdentity -- Time elapsed: 0 s
com.ditrix.edt.mcp.server.utils.DcsSchemaWriterTest.testNestedUnionPartialUpsertKeepsMissingObjectNameNull -- Time elapsed: 0 s
com.ditrix.edt.mcp.server.utils.DcsSchemaWriterTest.testDataSourceCollectionReplaceRefusesToStrandRetainedDataSet -- Time elapsed: 0.001 s
com.ditrix.edt.mcp.server.utils.DcsSchemaWriterTest.testFieldFolderRecursivelyRefusesNonStringNestedKindWithoutChangingHash -- Time elapsed: 0 s
com.ditrix.edt.mcp.server.utils.DcsSchemaWriterTest.testNestedDataSetRefusalIsArticulateAtNodeParentBodyAndCollectionReplace -- Time elapsed: 0.002 s
com.ditrix.edt.mcp.server.utils.DcsSchemaWriterTest.testEveryNonFieldRenameRefusesDuplicateOldIdentityWithoutChangingHash -- Time elapsed: 0 s
com.ditrix.edt.mcp.server.utils.DcsSchemaWriterTest.testReaderAddressWritesNestedUnionMemberFieldForEveryAction -- Time elapsed: 0.002 s
com.ditrix.edt.mcp.server.utils.DcsSchemaWriterTest.testUnionItemsRejectDuplicateNaturalKeysWithoutMutatingSchema -- Time elapsed: 0.001 s
com.ditrix.edt.mcp.server.utils.DcsSchemaWriterTest.testSchemaValidationResolvesUnionMemberDataSetReferences -- Time elapsed: 0 s
com.ditrix.edt.mcp.server.utils.DcsSchemaWriterTest.testReaderAddressWritesNestedUnionMemberDataSetForEveryAction -- Time elapsed: 0 s
com.ditrix.edt.mcp.server.utils.DcsSchemaWriterTest.testExactObjectDataSetReplaceOmissionResetsObjectNameToNull -- Time elapsed: 0.001 s
com.ditrix.edt.mcp.server.utils.DcsSchemaWriterTest.testExactDataSetReplaceWithoutTypeKeepsExistingSubtype -- Time elapsed: 0 s
com.ditrix.edt.mcp.server.utils.DcsSchemaWriterTest.testAssembledReferenceGuardMatchesIdentifiersCaseInsensitively -- Time elapsed: 0 s
com.ditrix.edt.mcp.server.utils.DcsSchemaWriterTest.testExpressionReferenceUsesWholeTokensWithoutPartialMatches -- Time elapsed: 0.001 s
com.ditrix.edt.mcp.server.utils.DcsSchemaWriterTest.testUpdateRenameRefusesReferencedIdentityAndLeavesHashUnchanged -- Time elapsed: 0 s
com.ditrix.edt.mcp.server.utils.DcsSchemaWriterTest.testDataSetUpdateRefusesDeclaredSubtypeChangeForEveryExistingKind -- Time elapsed: 0 s
com.ditrix.edt.mcp.server.utils.DcsSchemaWriterTest.testEmptyCalculatedExpressionSurvivesReplaceAndPartialUpdate -- Time elapsed: 0.001 s
com.ditrix.edt.mcp.server.utils.DcsSchemaWriterTest.testCreateObjectDataSetWithoutObjectNameIsRefused -- Time elapsed: 0 s
com.ditrix.edt.mcp.server.utils.DcsSchemaWriterTest.testRemoveReferencedDataSourceIsRefusedWithoutChangingHash -- Time elapsed: 0 s
com.ditrix.edt.mcp.server.utils.DcsSchemaWriterTest.testRegularFieldAndFolderWithSameKeyMakeRenameAmbiguous -- Time elapsed: 0 s
com.ditrix.edt.mcp.server.utils.DcsSchemaWriterTest.testNonStringNaturalKeyIsRefusedWithoutChangingHash -- Time elapsed: 0 s
com.ditrix.edt.mcp.server.utils.DcsSchemaWriterTest.testUnionRefusesQueryWithoutMutatingSchema -- Time elapsed: 0 s
com.ditrix.edt.mcp.server.utils.DcsSchemaWriterTest.testQueryParameterReferenceBlocksParameterRenameAndRemove -- Time elapsed: 0.001 s
com.ditrix.edt.mcp.server.utils.DcsSchemaWriterTest.testUpdateRenamesSupportedNaturalKeysInPlace -- Time elapsed: 0.001 s
com.ditrix.edt.mcp.server.utils.DcsSchemaWriterTest.testUpdateRequiresExistingExactNodeAndListsSiblings -- Time elapsed: 0 s
com.ditrix.edt.mcp.server.utils.DcsSchemaWriterTest.testSchemaReplaceRefusesDanglingLinkAndLeavesModelUnchanged -- Time elapsed: 0 s
com.ditrix.edt.mcp.server.utils.DcsSchemaWriterTest.testExpressionReferenceBlocksFieldRenameAndRemove -- Time elapsed: 0 s
com.ditrix.edt.mcp.server.utils.DcsSchemaWriterTest.testDataSetUpdateRefusesCreatingNestedFieldsAndUnionMembers -- Time elapsed: 0.001 s
com.ditrix.edt.mcp.server.utils.DcsSchemaWriterTest.testFieldAttributeUseRestrictionUpdateMergesOmittedFlags -- Time elapsed: 0 s
com.ditrix.edt.mcp.server.utils.DcsSchemaWriterTest.testExpressionDottedPathReferencesItsHeadField -- Time elapsed: 0 s
