-------------------------------------------------------------------------------
Test set: com.ditrix.edt.mcp.server.utils.McpJobsTest
-------------------------------------------------------------------------------
Tests run: 3, Failures: 0, Errors: 0, Skipped: 0, Time elapsed: 0 s -- in com.ditrix.edt.mcp.server.utils.McpJobsTest
com.ditrix.edt.mcp.server.utils.McpJobsTest.testAnUnmarkedJobIsTheOneEclipseWouldPromptFor -- Time elapsed: 0 s
com.ditrix.edt.mcp.server.utils.McpJobsTest.testMarkReturnsTheSameJobSoItCanBeChained -- Time elapsed: 0 s
com.ditrix.edt.mcp.server.utils.McpJobsTest.testMarkedJobReportsItsErrorInTheProgressViewInsteadOfADialog -- Time elapsed: 0 s
