-------------------------------------------------------------------------------
Test set: com.ditrix.edt.mcp.server.utils.FormElementWriterTest
-------------------------------------------------------------------------------
Tests run: 205, Failures: 0, Errors: 0, Skipped: 0, Time elapsed: 0.063 s -- in com.ditrix.edt.mcp.server.utils.FormElementWriterTest
com.ditrix.edt.mcp.server.utils.FormElementWriterTest.testCallTypeRejectedOnCommandAction -- Time elapsed: 0.001 s
com.ditrix.edt.mcp.server.utils.FormElementWriterTest.testParseNonFormFqnReturnsNull -- Time elapsed: 0 s
com.ditrix.edt.mcp.server.utils.FormElementWriterTest.testPositionCannotReferenceMovedItem -- Time elapsed: 0.001 s
com.ditrix.edt.mcp.server.utils.FormElementWriterTest.testEnforceAutoCommandBarIdSentinelRestoresMinusOne -- Time elapsed: 0 s
com.ditrix.edt.mcp.server.utils.FormElementWriterTest.testATableOnADynamicListGetsNoInventedColumns -- Time elapsed: 0 s
com.ditrix.edt.mcp.server.utils.FormElementWriterTest.testAttributeOwnerTokenIsRefusedForAnOrdinaryItem -- Time elapsed: 0 s
com.ditrix.edt.mcp.server.utils.FormElementWriterTest.testParseFormObjectCreateManaged -- Time elapsed: 0 s
com.ditrix.edt.mcp.server.utils.FormElementWriterTest.testCreateContentFormGenerateContentSkippedForNonObjectOwner -- Time elapsed: 0.002 s
com.ditrix.edt.mcp.server.utils.FormElementWriterTest.testCreateContentFormPre851VersionBranch -- Time elapsed: 0 s
com.ditrix.edt.mcp.server.utils.FormElementWriterTest.testContentFormEClassReachableWithoutFormModelImport -- Time elapsed: 0 s
com.ditrix.edt.mcp.server.utils.FormElementWriterTest.testEnforceContentFormCommandBarIdToleratesAFormWithoutContent -- Time elapsed: 0 s
com.ditrix.edt.mcp.server.utils.FormElementWriterTest.testParameterKindIsAddressableInBothLanguages -- Time elapsed: 0 s
com.ditrix.edt.mcp.server.utils.FormElementWriterTest.testFindCompatibleSetterPrefersSetDefaultObjectFormFirst -- Time elapsed: 0.001 s
com.ditrix.edt.mcp.server.utils.FormElementWriterTest.testCreateTableViaCreateMemberIsColumnLess -- Time elapsed: 0.001 s
com.ditrix.edt.mcp.server.utils.FormElementWriterTest.testMoveItemCycleRejectedViaNameOverload -- Time elapsed: 0 s
com.ditrix.edt.mcp.server.utils.FormElementWriterTest.testEnsureExtInfoReplacesStaleExtInfoAfterTypeChange -- Time elapsed: 0.001 s
com.ditrix.edt.mcp.server.utils.FormElementWriterTest.testValidateObjectFieldsRejectsUnknownNameAndListsAvailable -- Time elapsed: 0 s
com.ditrix.edt.mcp.server.utils.FormElementWriterTest.testAPlainValueTypeGetsNoExtInfo -- Time elapsed: 0.001 s
com.ditrix.edt.mcp.server.utils.FormElementWriterTest.testUsualGroupExtInfoCarriesLayoutFeatures -- Time elapsed: 0 s
com.ditrix.edt.mcp.server.utils.FormElementWriterTest.testMoveItemMissingNameRejected -- Time elapsed: 0 s
com.ditrix.edt.mcp.server.utils.FormElementWriterTest.testParseAttributeColumnRussianTokensAndCommonForm -- Time elapsed: 0 s
com.ditrix.edt.mcp.server.utils.FormElementWriterTest.testAMainCollectionAttributeStillHasItsColumnsValidated -- Time elapsed: 0 s
com.ditrix.edt.mcp.server.utils.FormElementWriterTest.testRootAutoCommandBarKeepsItsSentinelUnderTheNarrowedPass -- Time elapsed: 0 s
com.ditrix.edt.mcp.server.utils.FormElementWriterTest.testParseFormPathManagedAndCommon -- Time elapsed: 0 s
com.ditrix.edt.mcp.server.utils.FormElementWriterTest.testParseFormPathRejectsNonForm -- Time elapsed: 0 s
com.ditrix.edt.mcp.server.utils.FormElementWriterTest.testCreateContentFormWithoutGenerateContentSeedsNoAttributes -- Time elapsed: 0 s
com.ditrix.edt.mcp.server.utils.FormElementWriterTest.testDecorationIntoCommandBarIsRejected -- Time elapsed: 0 s
com.ditrix.edt.mcp.server.utils.FormElementWriterTest.testDescribeSetterNamesListsAllTried -- Time elapsed: 0 s
com.ditrix.edt.mcp.server.utils.FormElementWriterTest.testFindUniqueFormItemStillRejectsTwoAuthoredNamesakes -- Time elapsed: 0.002 s
com.ditrix.edt.mcp.server.utils.FormElementWriterTest.testKindForUnknownAndNull -- Time elapsed: 0 s
com.ditrix.edt.mcp.server.utils.FormElementWriterTest.testPositionFirst -- Time elapsed: 0 s
com.ditrix.edt.mcp.server.utils.FormElementWriterTest.testEveryNestedAddressingOutcomeIsDecidedExplicitly -- Time elapsed: 0 s
com.ditrix.edt.mcp.server.utils.FormElementWriterTest.testMatchesRequestedKindRejectsAnUnrecognizedKindToken -- Time elapsed: 0.001 s
com.ditrix.edt.mcp.server.utils.FormElementWriterTest.testAFieldMayWalkPastANonPrimitiveColumn -- Time elapsed: 0 s
com.ditrix.edt.mcp.server.utils.FormElementWriterTest.testAnUnknownExtInfoClassifierLeavesTheAttributeAlone -- Time elapsed: 0 s
com.ditrix.edt.mcp.server.utils.FormElementWriterTest.testMoveButtonIntoBarRetypesIt -- Time elapsed: 0 s
com.ditrix.edt.mcp.server.utils.FormElementWriterTest.testFindUniqueFormItemIgnoresAComputedNamesake -- Time elapsed: 0 s
com.ditrix.edt.mcp.server.utils.FormElementWriterTest.testPositionLastAndDefault -- Time elapsed: 0 s
com.ditrix.edt.mcp.server.utils.FormElementWriterTest.testRetypingBetweenExtInfoTypesREPLACESTheExtInfo -- Time elapsed: 0 s
com.ditrix.edt.mcp.server.utils.FormElementWriterTest.testMatchesRequestedKindAcceptsEveryOwnKindAndTheTokenlessElements -- Time elapsed: 0.002 s
com.ditrix.edt.mcp.server.utils.FormElementWriterTest.testCreateGroupUnknownTypeListsAllowed -- Time elapsed: 0 s
com.ditrix.edt.mcp.server.utils.FormElementWriterTest.testMoveRejectsCycleAutoChildAndBadPlacement -- Time elapsed: 0 s
com.ditrix.edt.mcp.server.utils.FormElementWriterTest.testResyncingTheSameItemTypeKeepsTheSAMEExtInfoInstance -- Time elapsed: 0.001 s
com.ditrix.edt.mcp.server.utils.FormElementWriterTest.testPluralKindTokensAreAcceptedInBothLanguages -- Time elapsed: 0 s
com.ditrix.edt.mcp.server.utils.FormElementWriterTest.testResyncingTheSameValueTypeKeepsTheSAMEExtInfoInstance -- Time elapsed: 0 s
com.ditrix.edt.mcp.server.utils.FormElementWriterTest.testCreateContentFormModern851VersionBranch -- Time elapsed: 0.001 s
com.ditrix.edt.mcp.server.utils.FormElementWriterTest.testResolveHandlerContainerRejectsForeignOwnerKind -- Time elapsed: 0 s
com.ditrix.edt.mcp.server.utils.FormElementWriterTest.testLayouterItemsAreNeverRenumbered -- Time elapsed: 0 s
com.ditrix.edt.mcp.server.utils.FormElementWriterTest.testColumnHandlerFqnIsRefusedBeforeItReachesTheItemTree -- Time elapsed: 0 s
com.ditrix.edt.mcp.server.utils.FormElementWriterTest.testResolveExtInfoEClassForEmptyGroupDoesNotInstantiate -- Time elapsed: 0 s
com.ditrix.edt.mcp.server.utils.FormElementWriterTest.testValidateObjectFieldsSkipsWhenBindableSetEmpty -- Time elapsed: 0 s
com.ditrix.edt.mcp.server.utils.FormElementWriterTest.testEveryDecorationTypeGetsItsExtInfo -- Time elapsed: 0 s
com.ditrix.edt.mcp.server.utils.FormElementWriterTest.testParseHandlerFqnRoutesAsHandler -- Time elapsed: 0 s
com.ditrix.edt.mcp.server.utils.FormElementWriterTest.testAdviceRetargetsTheOwnerSegmentEvenWhenTheLeafRepeatsIt -- Time elapsed: 0 s
com.ditrix.edt.mcp.server.utils.FormElementWriterTest.testAFieldCannotWalkPastAPrimitiveColumn -- Time elapsed: 0 s
com.ditrix.edt.mcp.server.utils.FormElementWriterTest.testPositionMalformedRejected -- Time elapsed: 0 s
com.ditrix.edt.mcp.server.utils.FormElementWriterTest.testMoveItemNamedGroupParentStillReparents -- Time elapsed: 0.001 s
com.ditrix.edt.mcp.server.utils.FormElementWriterTest.testFindFormItemNeverReadsAComputedContainment -- Time elapsed: 0 s
com.ditrix.edt.mcp.server.utils.FormElementWriterTest.testResolveExtInfoEClassReusesExistingInstanceForAnyKind -- Time elapsed: 0 s
com.ditrix.edt.mcp.server.utils.FormElementWriterTest.testNormalizeFormAttributeIdsRepairsDuplicatesWithoutChangingItemIds -- Time elapsed: 0 s
com.ditrix.edt.mcp.server.utils.FormElementWriterTest.testEnforceContentFormCommandBarIdReachesTheFormThroughItsOwner -- Time elapsed: 0 s
com.ditrix.edt.mcp.server.utils.FormElementWriterTest.testCreateTableWithColumns -- Time elapsed: 0 s
com.ditrix.edt.mcp.server.utils.FormElementWriterTest.testKindMismatchAdviceNamesTheActualKind -- Time elapsed: 0 s
com.ditrix.edt.mcp.server.utils.FormElementWriterTest.testACompositeValueTypeGetsNoExtInfo -- Time elapsed: 0 s
com.ditrix.edt.mcp.server.utils.FormElementWriterTest.testParseItemLevelHandlerCommonForm -- Time elapsed: 0 s
com.ditrix.edt.mcp.server.utils.FormElementWriterTest.testPositionUnknownSiblingRejected -- Time elapsed: 0 s
com.ditrix.edt.mcp.server.utils.FormElementWriterTest.testATableOnAnUnknownAttributeIsRefusedAndWritesNothing -- Time elapsed: 0 s
com.ditrix.edt.mcp.server.utils.FormElementWriterTest.testBareColumnFqnIsRefusedWithTheRightShape -- Time elapsed: 0 s
com.ditrix.edt.mcp.server.utils.FormElementWriterTest.testAuthoredAttributesAndCommandsAreNumberedExactlyAsBefore -- Time elapsed: 0 s
com.ditrix.edt.mcp.server.utils.FormElementWriterTest.testCreateFieldBindsToACollectionAttributeColumn -- Time elapsed: 0 s
com.ditrix.edt.mcp.server.utils.FormElementWriterTest.testParseItemLevelHandlerManagedForm -- Time elapsed: 0 s
com.ditrix.edt.mcp.server.utils.FormElementWriterTest.testObjectTypeByNameGuardsAgainstMissingInputs -- Time elapsed: 0 s
com.ditrix.edt.mcp.server.utils.FormElementWriterTest.testAnItemBoundToAnExistingColumnIsNotReported -- Time elapsed: 0 s
com.ditrix.edt.mcp.server.utils.FormElementWriterTest.testKindTokensResolveIndependentlyOfTheDefaultLocale -- Time elapsed: 0.001 s
com.ditrix.edt.mcp.server.utils.FormElementWriterTest.testGroupInCommandBarBecomesPopup -- Time elapsed: 0 s
com.ditrix.edt.mcp.server.utils.FormElementWriterTest.testResolveHandlerContainerByKind -- Time elapsed: 0.001 s
com.ditrix.edt.mcp.server.utils.FormElementWriterTest.testBindEventHandlerWithoutExtensionTypeErrors -- Time elapsed: 0 s
com.ditrix.edt.mcp.server.utils.FormElementWriterTest.testSettingAnAdjustableBooleanKeepsItsForOverrides -- Time elapsed: 0.001 s
com.ditrix.edt.mcp.server.utils.FormElementWriterTest.testCreateFieldDesignerDefaults -- Time elapsed: 0 s
com.ditrix.edt.mcp.server.utils.FormElementWriterTest.testCreateButtonAtRootIsEnabledUsualButton -- Time elapsed: 0 s
com.ditrix.edt.mcp.server.utils.FormElementWriterTest.testEveryAdditionTypeGetsItsExtInfo -- Time elapsed: 0 s
com.ditrix.edt.mcp.server.utils.FormElementWriterTest.testRowConsumerGuardStillSeesTheAuthoredTable -- Time elapsed: 0.001 s
com.ditrix.edt.mcp.server.utils.FormElementWriterTest.testIsColumnToken -- Time elapsed: 0 s
com.ditrix.edt.mcp.server.utils.FormElementWriterTest.testMoveItemBlankParentMovesToFormRoot -- Time elapsed: 0.001 s
com.ditrix.edt.mcp.server.utils.FormElementWriterTest.testItemIdCeilingCountsLayouterItemsBehindTransientContainments -- Time elapsed: 0 s
com.ditrix.edt.mcp.server.utils.FormElementWriterTest.testEveryTokenDenotedFormItemClassResolvesOnlyUnderItsOwnToken -- Time elapsed: 0.001 s
com.ditrix.edt.mcp.server.utils.FormElementWriterTest.testEnsureExtInfoCreatesUsualGroupExtInfoForEmptyGroup -- Time elapsed: 0 s
com.ditrix.edt.mcp.server.utils.FormElementWriterTest.testCreateAttributeAssignsUniqueIdsInAttributeNamespace -- Time elapsed: 0 s
com.ditrix.edt.mcp.server.utils.FormElementWriterTest.testACompositeColumnStaysAddressableThroughItsReferenceHalf -- Time elapsed: 0 s
com.ditrix.edt.mcp.server.utils.FormElementWriterTest.testATableOnAScalarAttributeIsRefusedAndWritesNothing -- Time elapsed: 0 s
com.ditrix.edt.mcp.server.utils.FormElementWriterTest.testResolveEventCallTypeMapsTokensToLiterals -- Time elapsed: 0 s
com.ditrix.edt.mcp.server.utils.FormElementWriterTest.testPositionInteger -- Time elapsed: 0 s
com.ditrix.edt.mcp.server.utils.FormElementWriterTest.testTabularSectionTableKeepsItsLineNumberColumn -- Time elapsed: 0 s
com.ditrix.edt.mcp.server.utils.FormElementWriterTest.testCreateButtonParentToleratesDottedPathAndChildItems -- Time elapsed: 0 s
com.ditrix.edt.mcp.server.utils.FormElementWriterTest.testMatchesRequestedKindRejectsAWrongKindTokenOnAnExistingName -- Time elapsed: 0 s
com.ditrix.edt.mcp.server.utils.FormElementWriterTest.testCreateCommandActionExplicitProcedureAndRussianToken -- Time elapsed: 0 s
com.ditrix.edt.mcp.server.utils.FormElementWriterTest.testAuthoredItemKeepsItsIdWhenALayouterItemSharesIt -- Time elapsed: 0 s
com.ditrix.edt.mcp.server.utils.FormElementWriterTest.testEveryFieldTypeGetsItsExtInfo -- Time elapsed: 0.003 s
com.ditrix.edt.mcp.server.utils.FormElementWriterTest.testATabularSectionTableIsStillBoundThroughTheMainObjectAttribute -- Time elapsed: 0 s
com.ditrix.edt.mcp.server.utils.FormElementWriterTest.testAuthoredOnlyFormIsNumberedExactlyAsBefore -- Time elapsed: 0 s
com.ditrix.edt.mcp.server.utils.FormElementWriterTest.testARowConsumerIsMatchedByAddressNotByLeafName -- Time elapsed: 0 s
com.ditrix.edt.mcp.server.utils.FormElementWriterTest.testMoveItemFormNameParentMovesToFormRoot -- Time elapsed: 0 s
com.ditrix.edt.mcp.server.utils.FormElementWriterTest.testFindFormItemStillFindsEveryAuthoredItem -- Time elapsed: 0 s
com.ditrix.edt.mcp.server.utils.FormElementWriterTest.testAFieldCannotWalkPastACollectionColumnBecauseAColumnOwnsNoColumns -- Time elapsed: 0.001 s
com.ditrix.edt.mcp.server.utils.FormElementWriterTest.testHandlerAndFormTokensAcceptBothNumbersAndBothLanguages -- Time elapsed: 0 s
com.ditrix.edt.mcp.server.utils.FormElementWriterTest.testKindForRussianTokens -- Time elapsed: 0 s
com.ditrix.edt.mcp.server.utils.FormElementWriterTest.testChangingToATypeThatPairsWithNoExtInfoCLEARSIt -- Time elapsed: 0 s
com.ditrix.edt.mcp.server.utils.FormElementWriterTest.testAReferenceValueTypeIsClassifiedByItsCATEGORY -- Time elapsed: 0 s
com.ditrix.edt.mcp.server.utils.FormElementWriterTest.testCreateContentFormGenerateContentEmptyObjectFieldsSeedsOnlyMainAttribute -- Time elapsed: 0.003 s
com.ditrix.edt.mcp.server.utils.FormElementWriterTest.testTheOrphanScanStopsAtItsOwnForm -- Time elapsed: 0 s
com.ditrix.edt.mcp.server.utils.FormElementWriterTest.testBindEventHandlerBaseAndExtensionCoexist -- Time elapsed: 0 s
com.ditrix.edt.mcp.server.utils.FormElementWriterTest.testIsFormTokenRejectsOthers -- Time elapsed: 0 s
com.ditrix.edt.mcp.server.utils.FormElementWriterTest.testMoveItemIntoBarByNameRetypesButton -- Time elapsed: 0 s
com.ditrix.edt.mcp.server.utils.FormElementWriterTest.testCreateFieldRejectsDottedPathOnNonMainNonListAttribute -- Time elapsed: 0 s
com.ditrix.edt.mcp.server.utils.FormElementWriterTest.testATableBoundToAColumnIsStillFoundForThatColumn -- Time elapsed: 0 s
com.ditrix.edt.mcp.server.utils.FormElementWriterTest.testAutoChildrenRussianSuffixes -- Time elapsed: 0 s
com.ditrix.edt.mcp.server.utils.FormElementWriterTest.testMoveItemAmbiguousNameRejected -- Time elapsed: 0 s
com.ditrix.edt.mcp.server.utils.FormElementWriterTest.testParseFormObjectCreateBilingualFormToken -- Time elapsed: 0 s
com.ditrix.edt.mcp.server.utils.FormElementWriterTest.testButtonIntoTableIsRejected -- Time elapsed: 0 s
com.ditrix.edt.mcp.server.utils.FormElementWriterTest.testParseAttributeColumn -- Time elapsed: 0 s
com.ditrix.edt.mcp.server.utils.FormElementWriterTest.testCreateColumnWritesViewAndEditDefaults -- Time elapsed: 0 s
com.ditrix.edt.mcp.server.utils.FormElementWriterTest.testMatchesKindTokenClassifiesEveryFormItemKind -- Time elapsed: 0.001 s
com.ditrix.edt.mcp.server.utils.FormElementWriterTest.testPositionFirstLastOnEmptyDest -- Time elapsed: 0 s
com.ditrix.edt.mcp.server.utils.FormElementWriterTest.testChangingAnItemTypeREPLACESTheStaleExtInfo -- Time elapsed: 0 s
com.ditrix.edt.mcp.server.utils.FormElementWriterTest.testRetypeGuardStillSeesEveryAuthoredBinding -- Time elapsed: 0 s
com.ditrix.edt.mcp.server.utils.FormElementWriterTest.testFindCompatibleSetterReturnsNullWhenNoneCompatible -- Time elapsed: 0.001 s
com.ditrix.edt.mcp.server.utils.FormElementWriterTest.testKindForEnglishTokens -- Time elapsed: 0 s
com.ditrix.edt.mcp.server.utils.FormElementWriterTest.testEveryGroupTypeGetsItsExtInfoOrNone -- Time elapsed: 0 s
com.ditrix.edt.mcp.server.utils.FormElementWriterTest.testResolveObjectFieldsPerKindDefaultsAndExplicitList -- Time elapsed: 0 s
com.ditrix.edt.mcp.server.utils.FormElementWriterTest.testCreateTableOverACollectionAttributeTakesItsOwnColumns -- Time elapsed: 0 s
com.ditrix.edt.mcp.server.utils.FormElementWriterTest.testMoveItemNullParentReordersInCurrentContainer -- Time elapsed: 0.001 s
com.ditrix.edt.mcp.server.utils.FormElementWriterTest.testFindCompatibleSetterFindsSetDefaultObjectFormAlone -- Time elapsed: 0.001 s
com.ditrix.edt.mcp.server.utils.FormElementWriterTest.testResolveObjectFieldsRussianDefaults -- Time elapsed: 0 s
com.ditrix.edt.mcp.server.utils.FormElementWriterTest.testResolveUniqueFormMemberIsKindAwareAndStillRejectsAmbiguity -- Time elapsed: 0 s
com.ditrix.edt.mcp.server.utils.FormElementWriterTest.testParseColumnOnlyOnAnAttribute -- Time elapsed: 0 s
com.ditrix.edt.mcp.server.utils.FormElementWriterTest.testIsFormTokenAcceptsEnglishAndRussianSingularPlural -- Time elapsed: 0 s
com.ditrix.edt.mcp.server.utils.FormElementWriterTest.testCreateButtonUnknownParentError -- Time elapsed: 0 s
com.ditrix.edt.mcp.server.utils.FormElementWriterTest.testItemsBoundBelowAnAttributeAreFound -- Time elapsed: 0 s
com.ditrix.edt.mcp.server.utils.FormElementWriterTest.testFormPathPrefixAlwaysResolvesTheFormBar -- Time elapsed: 0 s
com.ditrix.edt.mcp.server.utils.FormElementWriterTest.testParseManagedFormMember -- Time elapsed: 0 s
com.ditrix.edt.mcp.server.utils.FormElementWriterTest.testEnsureExtInfoReusesPresetExtInfoWithoutClobber -- Time elapsed: 0 s
com.ditrix.edt.mcp.server.utils.FormElementWriterTest.testBindEventHandlerInsteadMapsToOverrideLiteral -- Time elapsed: 0 s
com.ditrix.edt.mcp.server.utils.FormElementWriterTest.testEveryAddressAnAdviceSuggestsActuallyResolves -- Time elapsed: 0 s
com.ditrix.edt.mcp.server.utils.FormElementWriterTest.testOwnerWithoutBarFallsBackToTheFormBar -- Time elapsed: 0 s
com.ditrix.edt.mcp.server.utils.FormElementWriterTest.testResolveFormMemberKindIsCheckedForEveryAddressableKind -- Time elapsed: 0 s
com.ditrix.edt.mcp.server.utils.FormElementWriterTest.testAnUnavailableItemClassifierCLEARSTheStaleExtInfoToo -- Time elapsed: 0 s
com.ditrix.edt.mcp.server.utils.FormElementWriterTest.testCreateTableRequiresDataPath -- Time elapsed: 0 s
com.ditrix.edt.mcp.server.utils.FormElementWriterTest.testCreateContentFormDefaultsOnRealFormPackage -- Time elapsed: 0.001 s
com.ditrix.edt.mcp.server.utils.FormElementWriterTest.testRetypingAwayFromAnExtInfoTypeCLEARSTheStaleExtInfo -- Time elapsed: 0 s
com.ditrix.edt.mcp.server.utils.FormElementWriterTest.testCreateCommonFormContentUndoesTheReferenceWhenTheFqnCannotBeGenerated -- Time elapsed: 0 s
com.ditrix.edt.mcp.server.utils.FormElementWriterTest.testTableAdditionIsAddressableByNoKindTokenAtAll -- Time elapsed: 0 s
com.ditrix.edt.mcp.server.utils.FormElementWriterTest.testATableBoundToTheAttributeIsFoundAsARowConsumer -- Time elapsed: 0 s
com.ditrix.edt.mcp.server.utils.FormElementWriterTest.testEnforceAutoCommandBarIdSentinelToleratesMissingBar -- Time elapsed: 0 s
com.ditrix.edt.mcp.server.utils.FormElementWriterTest.testCreateButtonInAutoCommandBar -- Time elapsed: 0 s
com.ditrix.edt.mcp.server.utils.FormElementWriterTest.testEveryExtInfoBearingValueTypeGetsItsExtInfo -- Time elapsed: 0.001 s
com.ditrix.edt.mcp.server.utils.FormElementWriterTest.testParseManagedFormMemberRussianToken -- Time elapsed: 0 s
com.ditrix.edt.mcp.server.utils.FormElementWriterTest.testBindEventHandlerDuplicateCallTypeRejectedOtherwiseCoexists -- Time elapsed: 0 s
com.ditrix.edt.mcp.server.utils.FormElementWriterTest.testACommonFormContentIsTheSameRenderableShapeAnOwnedFormGets -- Time elapsed: 0 s
com.ditrix.edt.mcp.server.utils.FormElementWriterTest.testParseFormObjectCreateRejectsNonFormObject -- Time elapsed: 0 s
com.ditrix.edt.mcp.server.utils.FormElementWriterTest.testCreateContentFormGenerateContentRussianAttributeName -- Time elapsed: 0.001 s
com.ditrix.edt.mcp.server.utils.FormElementWriterTest.testPositionBeforeAndAfter -- Time elapsed: 0 s
com.ditrix.edt.mcp.server.utils.FormElementWriterTest.testMainTableResolutionErrorAnswersBeforeTheWrite -- Time elapsed: 0 s
com.ditrix.edt.mcp.server.utils.FormElementWriterTest.testComputedCommandIsNotARenumberingTarget -- Time elapsed: 0 s
com.ditrix.edt.mcp.server.utils.FormElementWriterTest.testEnsureExtInfoNoOpWhenElementHasNoExtInfoSlot -- Time elapsed: 0 s
com.ditrix.edt.mcp.server.utils.FormElementWriterTest.testCreateFieldBindsToMainObjectSubAttribute -- Time elapsed: 0 s
com.ditrix.edt.mcp.server.utils.FormElementWriterTest.testCreateTableAdditionsAreEnabled -- Time elapsed: 0.001 s
com.ditrix.edt.mcp.server.utils.FormElementWriterTest.testParseItemLevelNonHandlerReturnsNull -- Time elapsed: 0 s
com.ditrix.edt.mcp.server.utils.FormElementWriterTest.testRowConsumerGuardIgnoresAComputedTable -- Time elapsed: 0 s
com.ditrix.edt.mcp.server.utils.FormElementWriterTest.testCreateCommandAssignsUniqueIdsInCommandNamespace -- Time elapsed: 0 s
com.ditrix.edt.mcp.server.utils.FormElementWriterTest.testCreateContentFormGenerateContentSeedsBoundObjectFields -- Time elapsed: 0.017 s
com.ditrix.edt.mcp.server.utils.FormElementWriterTest.testCreateGroupWithExplicitType -- Time elapsed: 0 s
com.ditrix.edt.mcp.server.utils.FormElementWriterTest.testValidateObjectFieldsAcceptsKnownNameAndNullEmpty -- Time elapsed: 0 s
com.ditrix.edt.mcp.server.utils.FormElementWriterTest.testCreateCommandActionWrongEventListsAction -- Time elapsed: 0.001 s
com.ditrix.edt.mcp.server.utils.FormElementWriterTest.testPersistedWalkEnumeratesOnlyTheAuthoredHalfOfTheForm -- Time elapsed: 0 s
com.ditrix.edt.mcp.server.utils.FormElementWriterTest.testAMainNonCollectionAttributeKeepsItsObjectSubAttributeShortcut -- Time elapsed: 0 s
com.ditrix.edt.mcp.server.utils.FormElementWriterTest.testNormalizeFormItemIdsRepairsAutoChildrenAndRootBar -- Time elapsed: 0.001 s
com.ditrix.edt.mcp.server.utils.FormElementWriterTest.testRetypeGuardIgnoresBindingsUnderAComputedContainment -- Time elapsed: 0 s
com.ditrix.edt.mcp.server.utils.FormElementWriterTest.testAnAttributeCOLUMNIsANoOp -- Time elapsed: 0 s
com.ditrix.edt.mcp.server.utils.FormElementWriterTest.testEnsureExtInfoIsIdempotentAndKeepsSetProperties -- Time elapsed: 0 s
com.ditrix.edt.mcp.server.utils.FormElementWriterTest.testCreateCommandActionHandler -- Time elapsed: 0 s
com.ditrix.edt.mcp.server.utils.FormElementWriterTest.testCreateContentFormEnglishBarName -- Time elapsed: 0 s
com.ditrix.edt.mcp.server.utils.FormElementWriterTest.testCreateAttributeWritesViewAndEditDefaults -- Time elapsed: 0 s
com.ditrix.edt.mcp.server.utils.FormElementWriterTest.testResolveEventCallTypeRejectsMethodOnlyAndUnknown -- Time elapsed: 0 s
com.ditrix.edt.mcp.server.utils.FormElementWriterTest.testAnUnavailableClassifierCLEARSTheStaleExtInfoRatherThanKeepingIt -- Time elapsed: 0 s
com.ditrix.edt.mcp.server.utils.FormElementWriterTest.testCreateButtonInPopupGroupIsCommandBarButton -- Time elapsed: 0 s
com.ditrix.edt.mcp.server.utils.FormElementWriterTest.testFindCompatibleSetterFallsBackToSetDefaultForm -- Time elapsed: 0.001 s
com.ditrix.edt.mcp.server.utils.FormElementWriterTest.testCreateTableAdditionsRussianAutoNames -- Time elapsed: 0 s
com.ditrix.edt.mcp.server.utils.FormElementWriterTest.testComputedAttributeIsNotARenumberingTarget -- Time elapsed: 0 s
com.ditrix.edt.mcp.server.utils.FormElementWriterTest.testItemsBoundBelowAColumnAreFoundFromTheFormRoot -- Time elapsed: 0 s
com.ditrix.edt.mcp.server.utils.FormElementWriterTest.testIsHandlerToken -- Time elapsed: 0 s
com.ditrix.edt.mcp.server.utils.FormElementWriterTest.testObjectTypeByNameGracefulWithoutLivePlatformProvider -- Time elapsed: 0 s
com.ditrix.edt.mcp.server.utils.FormElementWriterTest.testResolveFormMemberRejectsForeignAndUnknownKind -- Time elapsed: 0 s
com.ditrix.edt.mcp.server.utils.FormElementWriterTest.testCreateFieldRejectsAnUnknownColumnOnACollectionAttribute -- Time elapsed: 0 s
com.ditrix.edt.mcp.server.utils.FormElementWriterTest.testAFieldCannotWalkPastAColumnOfAnyMemberlessPlatformType -- Time elapsed: 0.001 s
com.ditrix.edt.mcp.server.utils.FormElementWriterTest.testCreateContentFormGenerateContentLeavesValueTypeUnsetWhenOwnerUnresolvable -- Time elapsed: 0 s
com.ditrix.edt.mcp.server.utils.FormElementWriterTest.testAnItemKindWithNoTypeDrivenPairingKeepsItsExtInfo -- Time elapsed: 0 s
com.ditrix.edt.mcp.server.utils.FormElementWriterTest.testValueListAlsoGetsTheEmptyItemValueType -- Time elapsed: 0 s
com.ditrix.edt.mcp.server.utils.FormElementWriterTest.testParsePlainMemberHasNoOwnerAttribute -- Time elapsed: 0.001 s
com.ditrix.edt.mcp.server.utils.FormElementWriterTest.testParseCommonFormMember -- Time elapsed: 0 s
com.ditrix.edt.mcp.server.utils.FormElementWriterTest.testATableBoundInsideACollectionAttributeIsRefused -- Time elapsed: 0 s
com.ditrix.edt.mcp.server.utils.FormElementWriterTest.testCreateCommandSetsUseAndCurrentRowUse -- Time elapsed: 0 s
com.ditrix.edt.mcp.server.utils.FormElementWriterTest.testAutoChildNameCollisionGetsCounter -- Time elapsed: 0 s
com.ditrix.edt.mcp.server.utils.FormElementWriterTest.testCreateContentFormGenerateContentSeedsMainObjectAttribute -- Time elapsed: 0 s
com.ditrix.edt.mcp.server.utils.FormElementWriterTest.testHandlerOwnerAdviceNeverPointsAtAnAttribute -- Time elapsed: 0 s
com.ditrix.edt.mcp.server.utils.FormElementWriterTest.testNormalizeFormCommandIdsRepairsDuplicatesWithoutChangingOtherIds -- Time elapsed: 0 s
