-------------------------------------------------------------------------------
Test set: com.ditrix.edt.mcp.server.utils.PredefinedWriterTest
-------------------------------------------------------------------------------
Tests run: 93, Failures: 0, Errors: 0, Skipped: 0, Time elapsed: 0.787 s -- in com.ditrix.edt.mcp.server.utils.PredefinedWriterTest
com.ditrix.edt.mcp.server.utils.PredefinedWriterTest.testUnsupportedOwnerTypeErrorNullForChartOfAccounts -- Time elapsed: 0 s
com.ditrix.edt.mcp.server.utils.PredefinedWriterTest.testParsePropertiesAcceptsTypeAlias -- Time elapsed: 0.001 s
com.ditrix.edt.mcp.server.utils.PredefinedWriterTest.testNumericCodeZeroWithHugeScaleStoredNormalized -- Time elapsed: 0 s
com.ditrix.edt.mcp.server.utils.PredefinedWriterTest.testDescriptionExactlyAtLimitAccepted -- Time elapsed: 0 s
com.ditrix.edt.mcp.server.utils.PredefinedWriterTest.testNumericCodeHugeExponentRejectedWithoutMaterializing -- Time elapsed: 0 s
com.ditrix.edt.mcp.server.utils.PredefinedWriterTest.testValueTypeRejectedForCatalogOwnerOnModify -- Time elapsed: 0 s
com.ditrix.edt.mcp.server.utils.PredefinedWriterTest.testDeleteLeafRemovesFromContainerList -- Time elapsed: 0 s
com.ditrix.edt.mcp.server.utils.PredefinedWriterTest.testDescriptionOverLimitRejectedOnCreate -- Time elapsed: 0 s
com.ditrix.edt.mcp.server.utils.PredefinedWriterTest.testCreateTopLevelSetsIdAndDefaultsDescriptionToName -- Time elapsed: 0 s
com.ditrix.edt.mcp.server.utils.PredefinedWriterTest.testParsePropertiesParentStrictString -- Time elapsed: 0 s
com.ditrix.edt.mcp.server.utils.PredefinedWriterTest.testValueTypeModifyNullClearsExistingType -- Time elapsed: 0 s
com.ditrix.edt.mcp.server.utils.PredefinedWriterTest.testModifyCodeToJsonNullClearsIt -- Time elapsed: 0 s
com.ditrix.edt.mcp.server.utils.PredefinedWriterTest.testParsePropertiesDescriptionMissingOrNullValueRejected -- Time elapsed: 0 s
com.ditrix.edt.mcp.server.utils.PredefinedWriterTest.testDescriptionOverLimitRejectedOnModify -- Time elapsed: 0 s
com.ditrix.edt.mcp.server.utils.PredefinedWriterTest.testCatalogStringCodeRejectsJsonNumber -- Time elapsed: 0 s
com.ditrix.edt.mcp.server.utils.PredefinedWriterTest.testListAllFlattensItemsAndContentInDocumentOrder -- Time elapsed: 0 s
com.ditrix.edt.mcp.server.utils.PredefinedWriterTest.testValueTypeNullAtCreateRejected -- Time elapsed: 0 s
com.ditrix.edt.mcp.server.utils.PredefinedWriterTest.testFormatValueTypeNullForNullOrEmptyDescription -- Time elapsed: 0 s
com.ditrix.edt.mcp.server.utils.PredefinedWriterTest.testParsePropertiesAcceptsValueTypeName -- Time elapsed: 0 s
com.ditrix.edt.mcp.server.utils.PredefinedWriterTest.testCreateDuplicateCheckStaysExactAcrossYo -- Time elapsed: 0 s
com.ditrix.edt.mcp.server.utils.PredefinedWriterTest.testModifyValueTypeMissingValueClearsIt -- Time elapsed: 0 s
com.ditrix.edt.mcp.server.utils.PredefinedWriterTest.testUnsupportedOwnerTypeErrorNullForSupportedOwners -- Time elapsed: 0 s
com.ditrix.edt.mcp.server.utils.PredefinedWriterTest.testCharacteristicTypesCodeIsPlainString -- Time elapsed: 0 s
com.ditrix.edt.mcp.server.utils.PredefinedWriterTest.testValueTypeMissingContextRejected -- Time elapsed: 0 s
com.ditrix.edt.mcp.server.utils.PredefinedWriterTest.testNumericCodeFractionalRejected -- Time elapsed: 0 s
com.ditrix.edt.mcp.server.utils.PredefinedWriterTest.testParseRefAcceptsRussianPredefinedToken -- Time elapsed: 0.001 s
com.ditrix.edt.mcp.server.utils.PredefinedWriterTest.testCreateCodeJsonNullRejected -- Time elapsed: 0 s
com.ditrix.edt.mcp.server.utils.PredefinedWriterTest.testDescriptionUnlimitedWhenLengthZeroAccepted -- Time elapsed: 0 s
com.ditrix.edt.mcp.server.utils.PredefinedWriterTest.testCreateParentYoFallbackResolvesNormalizedFolder -- Time elapsed: 0 s
com.ditrix.edt.mcp.server.utils.PredefinedWriterTest.testDescendantsOfFolderIncludesWholeSubtree -- Time elapsed: 0 s
com.ditrix.edt.mcp.server.utils.PredefinedWriterTest.testDescendantsOfLeafIsEmpty -- Time elapsed: 0 s
com.ditrix.edt.mcp.server.utils.PredefinedWriterTest.testCreateParentNotAFolderIsRejected -- Time elapsed: 0 s
com.ditrix.edt.mcp.server.utils.PredefinedWriterTest.testNumericCodeNegativeRejected -- Time elapsed: 0 s
com.ditrix.edt.mcp.server.utils.PredefinedWriterTest.testDescriptionOverLimitRejectedForCharacteristicTypesOwner -- Time elapsed: 0 s
com.ditrix.edt.mcp.server.utils.PredefinedWriterTest.testCreateDuplicateExactIsRejected -- Time elapsed: 0 s
com.ditrix.edt.mcp.server.utils.PredefinedWriterTest.testParsePropertiesCodeCapturesRawElement -- Time elapsed: 0 s
com.ditrix.edt.mcp.server.utils.PredefinedWriterTest.testDisplayValueTypeNullForCatalogItem -- Time elapsed: 0 s
com.ditrix.edt.mcp.server.utils.PredefinedWriterTest.testCreateParentNotFoundIsRejected -- Time elapsed: 0 s
com.ditrix.edt.mcp.server.utils.PredefinedWriterTest.testCharacteristicTypesCodeTooLongIsRejected -- Time elapsed: 0 s
com.ditrix.edt.mcp.server.utils.PredefinedWriterTest.testDeleteFolderCascadesChildren -- Time elapsed: 0 s
com.ditrix.edt.mcp.server.utils.PredefinedWriterTest.testUnsupportedOwnerTypeErrorRejectsOtherKnownType -- Time elapsed: 0 s
com.ditrix.edt.mcp.server.utils.PredefinedWriterTest.testParseRefRejectsNonPredefinedKindToken -- Time elapsed: 0 s
com.ditrix.edt.mcp.server.utils.PredefinedWriterTest.testCreateWithExplicitDescriptionAndIsFolder -- Time elapsed: 0 s
com.ditrix.edt.mcp.server.utils.PredefinedWriterTest.testFindByNameExactDoesNotFallBackToTheOtherYoSpelling -- Time elapsed: 0 s
com.ditrix.edt.mcp.server.utils.PredefinedWriterTest.testCatalogNumberCodeTooManyDigitsIsRejected -- Time elapsed: 0 s
com.ditrix.edt.mcp.server.utils.PredefinedWriterTest.testParsePropertiesEmptyNameRejected -- Time elapsed: 0 s
com.ditrix.edt.mcp.server.utils.PredefinedWriterTest.testCatalogStringCodeBuildsStringValue -- Time elapsed: 0 s
com.ditrix.edt.mcp.server.utils.PredefinedWriterTest.testCountDescendantsOfLeafIsZero -- Time elapsed: 0 s
com.ditrix.edt.mcp.server.utils.PredefinedWriterTest.testParsePropertiesCodeWithoutValueRejected -- Time elapsed: 0 s
com.ditrix.edt.mcp.server.utils.PredefinedWriterTest.testDeleteYoFallbackHitsNormalizedItem -- Time elapsed: 0 s
com.ditrix.edt.mcp.server.utils.PredefinedWriterTest.testCreateIntoFolderAppendsToFolderContent -- Time elapsed: 0 s
com.ditrix.edt.mcp.server.utils.PredefinedWriterTest.testParsePropertiesDescriptionRejectsNonString -- Time elapsed: 0 s
com.ditrix.edt.mcp.server.utils.PredefinedWriterTest.testParsePropertiesIsFolderStrictBoolean -- Time elapsed: 0 s
com.ditrix.edt.mcp.server.utils.PredefinedWriterTest.testParsePropertiesNameAlwaysRefused -- Time elapsed: 0 s
com.ditrix.edt.mcp.server.utils.PredefinedWriterTest.testCatalogNumberCodeBuildsNumberValue -- Time elapsed: 0.001 s
com.ditrix.edt.mcp.server.utils.PredefinedWriterTest.testParseRefRecognizesCatalog -- Time elapsed: 0 s
com.ditrix.edt.mcp.server.utils.PredefinedWriterTest.testParsePropertiesUnknownPropertyRejected -- Time elapsed: 0 s
com.ditrix.edt.mcp.server.utils.PredefinedWriterTest.testParsePropertiesValueTypeWithoutValueRejected -- Time elapsed: 0 s
com.ditrix.edt.mcp.server.utils.PredefinedWriterTest.testParseRefAcceptsYoSpelledRussianPredefinedToken -- Time elapsed: 0 s
com.ditrix.edt.mcp.server.utils.PredefinedWriterTest.testCharacteristicTypesCodeRejectsJsonNumber -- Time elapsed: 0 s
com.ditrix.edt.mcp.server.utils.PredefinedWriterTest.testDescriptionOmittedDefaultsToNameAlsoValidated -- Time elapsed: 0 s
com.ditrix.edt.mcp.server.utils.PredefinedWriterTest.testCreateYoVariantIsNotADuplicate -- Time elapsed: 0 s
com.ditrix.edt.mcp.server.utils.PredefinedWriterTest.testDeepNestingWalksIteratively -- Time elapsed: 0.770 s
com.ditrix.edt.mcp.server.utils.PredefinedWriterTest.testModifyFolderToItemRejectedWhenChildrenExist -- Time elapsed: 0 s
com.ditrix.edt.mcp.server.utils.PredefinedWriterTest.testParseRefRecognizesChartOfCharacteristicTypes -- Time elapsed: 0 s
com.ditrix.edt.mcp.server.utils.PredefinedWriterTest.testParsePropertiesParentAllowedOnCreateRefusedOnModify -- Time elapsed: 0.001 s
com.ditrix.edt.mcp.server.utils.PredefinedWriterTest.testDeletePreviewNotFound -- Time elapsed: 0 s
com.ditrix.edt.mcp.server.utils.PredefinedWriterTest.testDeletePreviewLeafItem -- Time elapsed: 0 s
com.ditrix.edt.mcp.server.utils.PredefinedWriterTest.testCatalogNumberCodeRejectsJsonString -- Time elapsed: 0 s
com.ditrix.edt.mcp.server.utils.PredefinedWriterTest.testCreateOnUnsupportedOwnerObjectIsRejected -- Time elapsed: 0.004 s
com.ditrix.edt.mcp.server.utils.PredefinedWriterTest.testExplicitEmptyDescriptionHonored -- Time elapsed: 0 s
com.ditrix.edt.mcp.server.utils.PredefinedWriterTest.testModifyDescriptionAndCode -- Time elapsed: 0 s
com.ditrix.edt.mcp.server.utils.PredefinedWriterTest.testModifyCodeMissingValueClearsIt -- Time elapsed: 0 s
com.ditrix.edt.mcp.server.utils.PredefinedWriterTest.testDeleteNotFoundReturnsError -- Time elapsed: 0 s
com.ditrix.edt.mcp.server.utils.PredefinedWriterTest.testParseRefRejectsMisplacedYoInRussianToken -- Time elapsed: 0 s
com.ditrix.edt.mcp.server.utils.PredefinedWriterTest.testLookupYoFallbackFindsNormalizedItem -- Time elapsed: 0 s
com.ditrix.edt.mcp.server.utils.PredefinedWriterTest.testParseRefIsCaseInsensitive -- Time elapsed: 0 s
com.ditrix.edt.mcp.server.utils.PredefinedWriterTest.testUnsupportedOwnerTypeErrorNullForChartOfCalculationTypes -- Time elapsed: 0 s
com.ditrix.edt.mcp.server.utils.PredefinedWriterTest.testModifyFolderToItemAllowedWhenEmpty -- Time elapsed: 0 s
com.ditrix.edt.mcp.server.utils.PredefinedWriterTest.testCreateCodeMissingValueRejected -- Time elapsed: 0.001 s
com.ditrix.edt.mcp.server.utils.PredefinedWriterTest.testDisplayValueTypeRendersOnceSet -- Time elapsed: 0.006 s
com.ditrix.edt.mcp.server.utils.PredefinedWriterTest.testCatalogStringCodeTooLongIsRejected -- Time elapsed: 0.002 s
com.ditrix.edt.mcp.server.utils.PredefinedWriterTest.testModifyYoFallbackHitsNormalizedItem -- Time elapsed: 0 s
com.ditrix.edt.mcp.server.utils.PredefinedWriterTest.testCreateValueTypeMissingValueRejected -- Time elapsed: 0 s
com.ditrix.edt.mcp.server.utils.PredefinedWriterTest.testCreateDuplicateWithExpectedNotExistsReportsStaleSnapshot -- Time elapsed: 0 s
com.ditrix.edt.mcp.server.utils.PredefinedWriterTest.testModifyNotFoundReturnsError -- Time elapsed: 0 s
com.ditrix.edt.mcp.server.utils.PredefinedWriterTest.testListAllEmptyWhenNoPredefinedContent -- Time elapsed: 0 s
com.ditrix.edt.mcp.server.utils.PredefinedWriterTest.testDeletePreviewFolderCountsAllDescendants -- Time elapsed: 0 s
com.ditrix.edt.mcp.server.utils.PredefinedWriterTest.testPreviewListsCascadedDescendantsDepthFirst -- Time elapsed: 0 s
com.ditrix.edt.mcp.server.utils.PredefinedWriterTest.testValueTypeRejectedForCatalogOwnerOnCreate -- Time elapsed: 0 s
com.ditrix.edt.mcp.server.utils.PredefinedWriterTest.testParsePropertiesDescription -- Time elapsed: 0 s
com.ditrix.edt.mcp.server.utils.PredefinedWriterTest.testParseRefRejectsWrongArity -- Time elapsed: 0 s
com.ditrix.edt.mcp.server.utils.PredefinedWriterTest.testUnsupportedOwnerTypeErrorRejectsUnknownType -- Time elapsed: 0 s
