<?xml version="1.0" encoding="UTF-8"?>
<testsuite xmlns:xsi="http://www.w3.org/2001/XMLSchema-instance" xsi:noNamespaceSchemaLocation="https://maven.apache.org/surefire/maven-surefire-plugin/xsd/surefire-test-report.xsd" version="3.0" name="com.ditrix.edt.mcp.server.utils.SpreadsheetTemplateWriterTest" time="0.026" tests="27" errors="0" skipped="0" failures="0">
  <properties>
[...]
</properties>
  <testcase name="testParseWrapFalseLeavesPlacementUnset" classname="com.ditrix.edt.mcp.server.utils.SpreadsheetTemplateWriterTest" time="0.003"/>
  <testcase name="testParseRejectsNonObjectArray" classname="com.ditrix.edt.mcp.server.utils.SpreadsheetTemplateWriterTest" time="0.0"/>
  <testcase name="testTextCellUsesNeutralKeyWhenNoLanguage" classname="com.ditrix.edt.mcp.server.utils.SpreadsheetTemplateWriterTest" time="0.019"/>
  <testcase name="testColumnWidthAndRowHeightLandOnFormat" classname="com.ditrix.edt.mcp.server.utils.SpreadsheetTemplateWriterTest" time="0.001"/>
  <testcase name="testParseResolvesEnumsCaseInsensitively" classname="com.ditrix.edt.mcp.server.utils.SpreadsheetTemplateWriterTest" time="0.0"/>
  <testcase name="testTextCellLandsAtSparseIndexWithText" classname="com.ditrix.edt.mcp.server.utils.SpreadsheetTemplateWriterTest" time="0.0"/>
  <testcase name="testGridExtentCoversMergeAndAreaFarCorner" classname="com.ditrix.edt.mcp.server.utils.SpreadsheetTemplateWriterTest" time="0.001"/>
  <testcase name="testAuthoredRowHeightGrowsRowExtent" classname="com.ditrix.edt.mcp.server.utils.SpreadsheetTemplateWriterTest" time="0.001"/>
  <testcase name="testMissingRowIsError" classname="com.ditrix.edt.mcp.server.utils.SpreadsheetTemplateWriterTest" time="0.0"/>
  <testcase name="testGridExtentNeverShrinksAnExistingExtent" classname="com.ditrix.edt.mcp.server.utils.SpreadsheetTemplateWriterTest" time="0.0"/>
  <testcase name="testParseRejectsBadEnumWithoutModel" classname="com.ditrix.edt.mcp.server.utils.SpreadsheetTemplateWriterTest" time="0.0"/>
  <testcase name="testTextAndParameterTogetherIsError" classname="com.ditrix.edt.mcp.server.utils.SpreadsheetTemplateWriterTest" time="0.0"/>
  <testcase name="testNullDocumentIsError" classname="com.ditrix.edt.mcp.server.utils.SpreadsheetTemplateWriterTest" time="0.0"/>
  <testcase name="testBadHorizontalAlignmentEnumIsError" classname="com.ditrix.edt.mcp.server.utils.SpreadsheetTemplateWriterTest" time="0.0"/>
  <testcase name="testNamedAreaRegisteredByName" classname="com.ditrix.edt.mcp.server.utils.SpreadsheetTemplateWriterTest" time="0.0"/>
  <testcase name="testParameterCellSetsParameterAndParameterFill" classname="com.ditrix.edt.mcp.server.utils.SpreadsheetTemplateWriterTest" time="0.0"/>
  <testcase name="testBadWrapTokenIsError" classname="com.ditrix.edt.mcp.server.utils.SpreadsheetTemplateWriterTest" time="0.0"/>
  <testcase name="testPlainTextCellGetsNoFormat" classname="com.ditrix.edt.mcp.server.utils.SpreadsheetTemplateWriterTest" time="0.0"/>
  <testcase name="testEmptyCellIsError" classname="com.ditrix.edt.mcp.server.utils.SpreadsheetTemplateWriterTest" time="0.0"/>
  <testcase name="testFormattingBuildsFontAndFormatWithCorrectValues" classname="com.ditrix.edt.mcp.server.utils.SpreadsheetTemplateWriterTest" time="0.0"/>
  <testcase name="testMergeAddedWithDeltaRect" classname="com.ditrix.edt.mcp.server.utils.SpreadsheetTemplateWriterTest" time="0.0"/>
  <testcase name="testIdenticalFormatsAreDedupedToOnePoolEntry" classname="com.ditrix.edt.mcp.server.utils.SpreadsheetTemplateWriterTest" time="0.0"/>
  <testcase name="testEmptyPayloadIsError" classname="com.ditrix.edt.mcp.server.utils.SpreadsheetTemplateWriterTest" time="0.0"/>
  <testcase name="testSingleCellMergeIsError" classname="com.ditrix.edt.mcp.server.utils.SpreadsheetTemplateWriterTest" time="0.0"/>
  <testcase name="testStyledFormatNeverLandsAtIndexZero" classname="com.ditrix.edt.mcp.server.utils.SpreadsheetTemplateWriterTest" time="0.001"/>
  <testcase name="testGridExtentGrowsToCoverAuthoredCells" classname="com.ditrix.edt.mcp.server.utils.SpreadsheetTemplateWriterTest" time="0.0"/>
  <testcase name="testOverwriteParameterCellWithTextClearsParameterFillAndText" classname="com.ditrix.edt.mcp.server.utils.SpreadsheetTemplateWriterTest" time="0.0"/>
</testsuite>